{"/home/teamspeak/TS3-NodeJS-Library/property/Client.js":{"path":"/home/teamspeak/TS3-NodeJS-Library/property/Client.js","statementMap":{"0":{"start":{"line":9,"column":17},"end":{"line":9,"column":47}},"1":{"start":{"line":10,"column":21},"end":{"line":10,"column":68}},"2":{"start":{"line":32,"column":8},"end":{"line":32,"column":24}},"3":{"start":{"line":33,"column":8},"end":{"line":38,"column":9}},"4":{"start":{"line":47,"column":8},"end":{"line":50,"column":10}},"5":{"start":{"line":48,"column":12},"end":{"line":48,"column":58}},"6":{"start":{"line":48,"column":52},"end":{"line":48,"column":58}},"7":{"start":{"line":49,"column":12},"end":{"line":49,"column":41}},"8":{"start":{"line":59,"column":8},"end":{"line":62,"column":10}},"9":{"start":{"line":60,"column":12},"end":{"line":60,"column":59}},"10":{"start":{"line":60,"column":53},"end":{"line":60,"column":59}},"11":{"start":{"line":61,"column":12},"end":{"line":61,"column":40}},"12":{"start":{"line":70,"column":8},"end":{"line":74,"column":10}},"13":{"start":{"line":71,"column":12},"end":{"line":71,"column":55}},"14":{"start":{"line":71,"column":49},"end":{"line":71,"column":55}},"15":{"start":{"line":72,"column":12},"end":{"line":72,"column":45}},"16":{"start":{"line":73,"column":12},"end":{"line":73,"column":38}},"17":{"start":{"line":84,"column":8},"end":{"line":84,"column":32}},"18":{"start":{"line":94,"column":8},"end":{"line":94,"column":32}},"19":{"start":{"line":104,"column":8},"end":{"line":104,"column":31}},"20":{"start":{"line":114,"column":8},"end":{"line":114,"column":37}},"21":{"start":{"line":124,"column":19},"end":{"line":124,"column":51}},"22":{"start":{"line":125,"column":8},"end":{"line":125,"column":117}},"23":{"start":{"line":136,"column":8},"end":{"line":136,"column":62}},"24":{"start":{"line":147,"column":8},"end":{"line":147,"column":64}},"25":{"start":{"line":158,"column":8},"end":{"line":158,"column":62}},"26":{"start":{"line":171,"column":8},"end":{"line":171,"column":71}},"27":{"start":{"line":186,"column":8},"end":{"line":186,"column":75}},"28":{"start":{"line":198,"column":8},"end":{"line":198,"column":70}},"29":{"start":{"line":210,"column":8},"end":{"line":210,"column":70}},"30":{"start":{"line":223,"column":8},"end":{"line":223,"column":72}},"31":{"start":{"line":235,"column":8},"end":{"line":235,"column":78}},"32":{"start":{"line":247,"column":8},"end":{"line":247,"column":78}},"33":{"start":{"line":259,"column":8},"end":{"line":259,"column":67}},"34":{"start":{"line":271,"column":8},"end":{"line":271,"column":75}},"35":{"start":{"line":283,"column":8},"end":{"line":283,"column":75}},"36":{"start":{"line":299,"column":8},"end":{"line":299,"column":101}},"37":{"start":{"line":312,"column":8},"end":{"line":312,"column":80}},"38":{"start":{"line":324,"column":8},"end":{"line":331,"column":14}},"39":{"start":{"line":326,"column":16},"end":{"line":327,"column":53}},"40":{"start":{"line":329,"column":16},"end":{"line":330,"column":50}},"41":{"start":{"line":343,"column":8},"end":{"line":343,"column":84}},"42":{"start":{"line":343,"column":47},"end":{"line":343,"column":83}},"43":{"start":{"line":355,"column":8},"end":{"line":359,"column":10}},"44":{"start":{"line":356,"column":12},"end":{"line":358,"column":30}},"45":{"start":{"line":357,"column":30},"end":{"line":357,"column":80}},"46":{"start":{"line":371,"column":8},"end":{"line":371,"column":65}},"47":{"start":{"line":379,"column":0},"end":{"line":379,"column":32}}},"fnMap":{"0":{"name":"(anonymous_0)","decl":{"start":{"line":31,"column":4},"end":{"line":31,"column":5}},"loc":{"start":{"line":31,"column":27},"end":{"line":75,"column":5}},"line":31},"1":{"name":"(anonymous_1)","decl":{"start":{"line":47,"column":32},"end":{"line":47,"column":33}},"loc":{"start":{"line":47,"column":38},"end":{"line":50,"column":9}},"line":47},"2":{"name":"(anonymous_2)","decl":{"start":{"line":59,"column":32},"end":{"line":59,"column":33}},"loc":{"start":{"line":59,"column":38},"end":{"line":62,"column":9}},"line":59},"3":{"name":"(anonymous_3)","decl":{"start":{"line":70,"column":37},"end":{"line":70,"column":38}},"loc":{"start":{"line":70,"column":43},"end":{"line":74,"column":9}},"line":70},"4":{"name":"(anonymous_4)","decl":{"start":{"line":83,"column":4},"end":{"line":83,"column":5}},"loc":{"start":{"line":83,"column":14},"end":{"line":85,"column":5}},"line":83},"5":{"name":"(anonymous_5)","decl":{"start":{"line":93,"column":4},"end":{"line":93,"column":5}},"loc":{"start":{"line":93,"column":12},"end":{"line":95,"column":5}},"line":93},"6":{"name":"(anonymous_6)","decl":{"start":{"line":103,"column":4},"end":{"line":103,"column":5}},"loc":{"start":{"line":103,"column":13},"end":{"line":105,"column":5}},"line":103},"7":{"name":"(anonymous_7)","decl":{"start":{"line":113,"column":4},"end":{"line":113,"column":5}},"loc":{"start":{"line":113,"column":14},"end":{"line":115,"column":5}},"line":113},"8":{"name":"(anonymous_8)","decl":{"start":{"line":123,"column":4},"end":{"line":123,"column":5}},"loc":{"start":{"line":123,"column":13},"end":{"line":126,"column":5}},"line":123},"9":{"name":"(anonymous_9)","decl":{"start":{"line":135,"column":4},"end":{"line":135,"column":5}},"loc":{"start":{"line":135,"column":14},"end":{"line":137,"column":5}},"line":135},"10":{"name":"(anonymous_10)","decl":{"start":{"line":146,"column":4},"end":{"line":146,"column":5}},"loc":{"start":{"line":146,"column":16},"end":{"line":148,"column":5}},"line":146},"11":{"name":"(anonymous_11)","decl":{"start":{"line":157,"column":4},"end":{"line":157,"column":5}},"loc":{"start":{"line":157,"column":17},"end":{"line":159,"column":5}},"line":157},"12":{"name":"(anonymous_12)","decl":{"start":{"line":170,"column":4},"end":{"line":170,"column":5}},"loc":{"start":{"line":170,"column":24},"end":{"line":172,"column":5}},"line":170},"13":{"name":"(anonymous_13)","decl":{"start":{"line":185,"column":4},"end":{"line":185,"column":5}},"loc":{"start":{"line":185,"column":28},"end":{"line":187,"column":5}},"line":185},"14":{"name":"(anonymous_14)","decl":{"start":{"line":197,"column":4},"end":{"line":197,"column":5}},"loc":{"start":{"line":197,"column":24},"end":{"line":199,"column":5}},"line":197},"15":{"name":"(anonymous_15)","decl":{"start":{"line":209,"column":4},"end":{"line":209,"column":5}},"loc":{"start":{"line":209,"column":25},"end":{"line":211,"column":5}},"line":209},"16":{"name":"(anonymous_16)","decl":{"start":{"line":222,"column":4},"end":{"line":222,"column":5}},"loc":{"start":{"line":222,"column":19},"end":{"line":224,"column":5}},"line":222},"17":{"name":"(anonymous_17)","decl":{"start":{"line":234,"column":4},"end":{"line":234,"column":5}},"loc":{"start":{"line":234,"column":25},"end":{"line":236,"column":5}},"line":234},"18":{"name":"(anonymous_18)","decl":{"start":{"line":246,"column":4},"end":{"line":246,"column":5}},"loc":{"start":{"line":246,"column":25},"end":{"line":248,"column":5}},"line":246},"19":{"name":"(anonymous_19)","decl":{"start":{"line":258,"column":4},"end":{"line":258,"column":5}},"loc":{"start":{"line":258,"column":14},"end":{"line":260,"column":5}},"line":258},"20":{"name":"(anonymous_20)","decl":{"start":{"line":270,"column":4},"end":{"line":270,"column":5}},"loc":{"start":{"line":270,"column":17},"end":{"line":272,"column":5}},"line":270},"21":{"name":"(anonymous_21)","decl":{"start":{"line":282,"column":4},"end":{"line":282,"column":5}},"loc":{"start":{"line":282,"column":22},"end":{"line":284,"column":5}},"line":282},"22":{"name":"(anonymous_22)","decl":{"start":{"line":298,"column":4},"end":{"line":298,"column":5}},"loc":{"start":{"line":298,"column":48},"end":{"line":300,"column":5}},"line":298},"23":{"name":"(anonymous_23)","decl":{"start":{"line":311,"column":4},"end":{"line":311,"column":5}},"loc":{"start":{"line":311,"column":35},"end":{"line":313,"column":5}},"line":311},"24":{"name":"(anonymous_24)","decl":{"start":{"line":323,"column":4},"end":{"line":323,"column":5}},"loc":{"start":{"line":323,"column":16},"end":{"line":332,"column":5}},"line":323},"25":{"name":"(anonymous_25)","decl":{"start":{"line":325,"column":18},"end":{"line":325,"column":19}},"loc":{"start":{"line":325,"column":26},"end":{"line":328,"column":13}},"line":325},"26":{"name":"(anonymous_26)","decl":{"start":{"line":328,"column":20},"end":{"line":328,"column":21}},"loc":{"start":{"line":328,"column":27},"end":{"line":331,"column":13}},"line":328},"27":{"name":"(anonymous_27)","decl":{"start":{"line":342,"column":4},"end":{"line":342,"column":5}},"loc":{"start":{"line":342,"column":14},"end":{"line":344,"column":5}},"line":342},"28":{"name":"(anonymous_28)","decl":{"start":{"line":343,"column":39},"end":{"line":343,"column":40}},"loc":{"start":{"line":343,"column":47},"end":{"line":343,"column":83}},"line":343},"29":{"name":"(anonymous_29)","decl":{"start":{"line":354,"column":4},"end":{"line":354,"column":5}},"loc":{"start":{"line":354,"column":20},"end":{"line":360,"column":5}},"line":354},"30":{"name":"(anonymous_30)","decl":{"start":{"line":355,"column":27},"end":{"line":355,"column":28}},"loc":{"start":{"line":355,"column":48},"end":{"line":359,"column":9}},"line":355},"31":{"name":"(anonymous_31)","decl":{"start":{"line":357,"column":22},"end":{"line":357,"column":23}},"loc":{"start":{"line":357,"column":30},"end":{"line":357,"column":80}},"line":357},"32":{"name":"(anonymous_32)","decl":{"start":{"line":370,"column":4},"end":{"line":370,"column":5}},"loc":{"start":{"line":370,"column":18},"end":{"line":372,"column":5}},"line":370}},"branchMap":{"0":{"loc":{"start":{"line":48,"column":12},"end":{"line":48,"column":58}},"type":"if","locations":[{"start":{"line":48,"column":12},"end":{"line":48,"column":58}},{"start":{"line":48,"column":12},"end":{"line":48,"column":58}}],"line":48},"1":{"loc":{"start":{"line":60,"column":12},"end":{"line":60,"column":59}},"type":"if","locations":[{"start":{"line":60,"column":12},"end":{"line":60,"column":59}},{"start":{"line":60,"column":12},"end":{"line":60,"column":59}}],"line":60},"2":{"loc":{"start":{"line":71,"column":12},"end":{"line":71,"column":55}},"type":"if","locations":[{"start":{"line":71,"column":12},"end":{"line":71,"column":55}},{"start":{"line":71,"column":12},"end":{"line":71,"column":55}}],"line":71},"3":{"loc":{"start":{"line":311,"column":18},"end":{"line":311,"column":33}},"type":"default-arg","locations":[{"start":{"line":311,"column":28},"end":{"line":311,"column":33}}],"line":311}},"s":{"0":1,"1":1,"2":29,"3":29,"4":29,"5":0,"6":0,"7":0,"8":29,"9":0,"10":0,"11":0,"12":29,"13":0,"14":0,"15":0,"16":0,"17":1,"18":1,"19":1,"20":1,"21":1,"22":1,"23":1,"24":2,"25":1,"26":1,"27":1,"28":1,"29":1,"30":1,"31":1,"32":1,"33":1,"34":1,"35":1,"36":1,"37":1,"38":0,"39":0,"40":0,"41":0,"42":0,"43":1,"44":1,"45":1,"46":0,"47":1},"f":{"0":29,"1":0,"2":0,"3":0,"4":1,"5":1,"6":1,"7":1,"8":1,"9":1,"10":2,"11":1,"12":1,"13":1,"14":1,"15":1,"16":1,"17":1,"18":1,"19":1,"20":1,"21":1,"22":1,"23":1,"24":0,"25":0,"26":0,"27":0,"28":0,"29":1,"30":1,"31":1,"32":0},"b":{"0":[0,0],"1":[0,0],"2":[0,0],"3":[0]},"_coverageSchema":"d34fc3e6b8297bcde183f5492bcb8fcb36775295","hash":"70d7f6ae909b5106d0dd279e0c3385a8dd9a20ad","contentHash":"cd15288d06ca3560259f097a48b75294"},"/home/teamspeak/TS3-NodeJS-Library/property/Abstract.js":{"path":"/home/teamspeak/TS3-NodeJS-Library/property/Abstract.js","statementMap":{"0":{"start":{"line":9,"column":21},"end":{"line":9,"column":38}},"1":{"start":{"line":23,"column":8},"end":{"line":23,"column":15}},"2":{"start":{"line":24,"column":8},"end":{"line":24,"column":27}},"3":{"start":{"line":25,"column":8},"end":{"line":25,"column":29}},"4":{"start":{"line":26,"column":8},"end":{"line":26,"column":24}},"5":{"start":{"line":27,"column":8},"end":{"line":27,"column":28}},"6":{"start":{"line":28,"column":8},"end":{"line":28,"column":25}},"7":{"start":{"line":29,"column":8},"end":{"line":29,"column":65}},"8":{"start":{"line":29,"column":39},"end":{"line":29,"column":64}},"9":{"start":{"line":40,"column":8},"end":{"line":40,"column":60}},"10":{"start":{"line":40,"column":37},"end":{"line":40,"column":60}},"11":{"start":{"line":41,"column":8},"end":{"line":41,"column":35}},"12":{"start":{"line":42,"column":8},"end":{"line":42,"column":33}},"13":{"start":{"line":51,"column":8},"end":{"line":55,"column":10}},"14":{"start":{"line":52,"column":12},"end":{"line":54,"column":14}},"15":{"start":{"line":53,"column":16},"end":{"line":53,"column":50}},"16":{"start":{"line":69,"column":8},"end":{"line":69,"column":49}},"17":{"start":{"line":82,"column":8},"end":{"line":82,"column":62}},"18":{"start":{"line":91,"column":8},"end":{"line":91,"column":30}},"19":{"start":{"line":100,"column":22},"end":{"line":100,"column":60}},"20":{"start":{"line":101,"column":8},"end":{"line":101,"column":55}},"21":{"start":{"line":101,"column":49},"end":{"line":101,"column":55}},"22":{"start":{"line":102,"column":8},"end":{"line":113,"column":68}},"23":{"start":{"line":113,"column":27},"end":{"line":113,"column":67}},"24":{"start":{"line":123,"column":8},"end":{"line":123,"column":36}},"25":{"start":{"line":136,"column":20},"end":{"line":136,"column":22}},"26":{"start":{"line":137,"column":6},"end":{"line":141,"column":8}},"27":{"start":{"line":138,"column":8},"end":{"line":138,"column":73}},"28":{"start":{"line":138,"column":67},"end":{"line":138,"column":73}},"29":{"start":{"line":139,"column":8},"end":{"line":139,"column":55}},"30":{"start":{"line":140,"column":8},"end":{"line":140,"column":27}},"31":{"start":{"line":142,"column":6},"end":{"line":142,"column":20}},"32":{"start":{"line":152,"column":8},"end":{"line":152,"column":27}},"33":{"start":{"line":157,"column":0},"end":{"line":157,"column":25}}},"fnMap":{"0":{"name":"(anonymous_0)","decl":{"start":{"line":22,"column":4},"end":{"line":22,"column":5}},"loc":{"start":{"line":22,"column":27},"end":{"line":30,"column":5}},"line":22},"1":{"name":"(anonymous_1)","decl":{"start":{"line":29,"column":33},"end":{"line":29,"column":34}},"loc":{"start":{"line":29,"column":39},"end":{"line":29,"column":64}},"line":29},"2":{"name":"(anonymous_2)","decl":{"start":{"line":39,"column":4},"end":{"line":39,"column":5}},"loc":{"start":{"line":39,"column":17},"end":{"line":43,"column":5}},"line":39},"3":{"name":"(anonymous_3)","decl":{"start":{"line":50,"column":4},"end":{"line":50,"column":5}},"loc":{"start":{"line":50,"column":25},"end":{"line":56,"column":5}},"line":50},"4":{"name":"(anonymous_4)","decl":{"start":{"line":51,"column":42},"end":{"line":51,"column":43}},"loc":{"start":{"line":51,"column":47},"end":{"line":55,"column":9}},"line":51},"5":{"name":"(anonymous_5)","decl":{"start":{"line":52,"column":36},"end":{"line":52,"column":37}},"loc":{"start":{"line":52,"column":42},"end":{"line":54,"column":13}},"line":52},"6":{"name":"(anonymous_6)","decl":{"start":{"line":68,"column":4},"end":{"line":68,"column":5}},"loc":{"start":{"line":68,"column":14},"end":{"line":70,"column":5}},"line":68},"7":{"name":"(anonymous_7)","decl":{"start":{"line":81,"column":4},"end":{"line":81,"column":5}},"loc":{"start":{"line":81,"column":26},"end":{"line":83,"column":5}},"line":81},"8":{"name":"(anonymous_8)","decl":{"start":{"line":90,"column":4},"end":{"line":90,"column":5}},"loc":{"start":{"line":90,"column":15},"end":{"line":92,"column":5}},"line":90},"9":{"name":"(anonymous_9)","decl":{"start":{"line":99,"column":4},"end":{"line":99,"column":5}},"loc":{"start":{"line":99,"column":22},"end":{"line":124,"column":5}},"line":99},"10":{"name":"(anonymous_10)","decl":{"start":{"line":113,"column":19},"end":{"line":113,"column":20}},"loc":{"start":{"line":113,"column":27},"end":{"line":113,"column":67}},"line":113},"11":{"name":"(anonymous_11)","decl":{"start":{"line":135,"column":4},"end":{"line":135,"column":5}},"loc":{"start":{"line":135,"column":25},"end":{"line":143,"column":5}},"line":135},"12":{"name":"(anonymous_12)","decl":{"start":{"line":137,"column":31},"end":{"line":137,"column":32}},"loc":{"start":{"line":137,"column":38},"end":{"line":141,"column":7}},"line":137},"13":{"name":"(anonymous_13)","decl":{"start":{"line":151,"column":4},"end":{"line":151,"column":5}},"loc":{"start":{"line":151,"column":16},"end":{"line":153,"column":5}},"line":151}},"branchMap":{"0":{"loc":{"start":{"line":40,"column":8},"end":{"line":40,"column":60}},"type":"if","locations":[{"start":{"line":40,"column":8},"end":{"line":40,"column":60}},{"start":{"line":40,"column":8},"end":{"line":40,"column":60}}],"line":40},"1":{"loc":{"start":{"line":101,"column":8},"end":{"line":101,"column":55}},"type":"if","locations":[{"start":{"line":101,"column":8},"end":{"line":101,"column":55}},{"start":{"line":101,"column":8},"end":{"line":101,"column":55}}],"line":101},"2":{"loc":{"start":{"line":138,"column":8},"end":{"line":138,"column":73}},"type":"if","locations":[{"start":{"line":138,"column":8},"end":{"line":138,"column":73}},{"start":{"line":138,"column":8},"end":{"line":138,"column":73}}],"line":138}},"s":{"0":1,"1":59,"2":59,"3":59,"4":59,"5":59,"6":59,"7":59,"8":0,"9":87,"10":87,"11":87,"12":87,"13":0,"14":0,"15":0,"16":0,"17":0,"18":11,"19":0,"20":0,"21":0,"22":0,"23":0,"24":0,"25":0,"26":0,"27":0,"28":0,"29":0,"30":0,"31":0,"32":16,"33":1},"f":{"0":59,"1":0,"2":87,"3":0,"4":0,"5":0,"6":0,"7":0,"8":11,"9":0,"10":0,"11":0,"12":0,"13":16},"b":{"0":[87,0],"1":[0,0],"2":[0,0]},"_coverageSchema":"d34fc3e6b8297bcde183f5492bcb8fcb36775295","hash":"8c438431e5045648e3e1af32bcffc4d2a19820ca","contentHash":"168beb519100b0f1b424e2fff8ac8a27"},"/home/teamspeak/TS3-NodeJS-Library/transport/FileTransfer.js":{"path":"/home/teamspeak/TS3-NodeJS-Library/transport/FileTransfer.js","statementMap":{"0":{"start":{"line":9,"column":12},"end":{"line":9,"column":26}},"1":{"start":{"line":25,"column":8},"end":{"line":25,"column":24}},"2":{"start":{"line":26,"column":8},"end":{"line":26,"column":24}},"3":{"start":{"line":27,"column":8},"end":{"line":27,"column":30}},"4":{"start":{"line":28,"column":8},"end":{"line":28,"column":30}},"5":{"start":{"line":29,"column":8},"end":{"line":29,"column":24}},"6":{"start":{"line":41,"column":8},"end":{"line":60,"column":10}},"7":{"start":{"line":42,"column":12},"end":{"line":59,"column":28}},"8":{"start":{"line":44,"column":28},"end":{"line":47,"column":32}},"9":{"start":{"line":45,"column":20},"end":{"line":45,"column":36}},"10":{"start":{"line":46,"column":20},"end":{"line":46,"column":75}},"11":{"start":{"line":48,"column":16},"end":{"line":48,"column":42}},"12":{"start":{"line":49,"column":16},"end":{"line":57,"column":18}},"13":{"start":{"line":50,"column":20},"end":{"line":50,"column":42}},"14":{"start":{"line":51,"column":20},"end":{"line":51,"column":57}},"15":{"start":{"line":52,"column":20},"end":{"line":56,"column":21}},"16":{"start":{"line":53,"column":24},"end":{"line":53,"column":40}},"17":{"start":{"line":54,"column":24},"end":{"line":54,"column":43}},"18":{"start":{"line":55,"column":24},"end":{"line":55,"column":59}},"19":{"start":{"line":72,"column":8},"end":{"line":87,"column":10}},"20":{"start":{"line":73,"column":12},"end":{"line":86,"column":28}},"21":{"start":{"line":75,"column":28},"end":{"line":78,"column":32}},"22":{"start":{"line":76,"column":20},"end":{"line":76,"column":36}},"23":{"start":{"line":77,"column":20},"end":{"line":77,"column":75}},"24":{"start":{"line":79,"column":16},"end":{"line":79,"column":42}},"25":{"start":{"line":80,"column":16},"end":{"line":83,"column":18}},"26":{"start":{"line":81,"column":20},"end":{"line":81,"column":39}},"27":{"start":{"line":82,"column":20},"end":{"line":82,"column":29}},"28":{"start":{"line":84,"column":16},"end":{"line":84,"column":34}},"29":{"start":{"line":99,"column":8},"end":{"line":109,"column":10}},"30":{"start":{"line":100,"column":27},"end":{"line":100,"column":32}},"31":{"start":{"line":101,"column":10},"end":{"line":101,"column":40}},"32":{"start":{"line":102,"column":10},"end":{"line":102,"column":51}},"33":{"start":{"line":103,"column":10},"end":{"line":107,"column":12}},"34":{"start":{"line":104,"column":12},"end":{"line":104,"column":67}},"35":{"start":{"line":104,"column":43},"end":{"line":104,"column":67}},"36":{"start":{"line":105,"column":12},"end":{"line":105,"column":29}},"37":{"start":{"line":106,"column":12},"end":{"line":106,"column":32}},"38":{"start":{"line":108,"column":10},"end":{"line":108,"column":73}},"39":{"start":{"line":108,"column":41},"end":{"line":108,"column":72}},"40":{"start":{"line":117,"column":0},"end":{"line":117,"column":29}}},"fnMap":{"0":{"name":"(anonymous_0)","decl":{"start":{"line":24,"column":4},"end":{"line":24,"column":5}},"loc":{"start":{"line":24,"column":52},"end":{"line":30,"column":5}},"line":24},"1":{"name":"(anonymous_1)","decl":{"start":{"line":40,"column":4},"end":{"line":40,"column":5}},"loc":{"start":{"line":40,"column":26},"end":{"line":61,"column":5}},"line":40},"2":{"name":"(anonymous_2)","decl":{"start":{"line":41,"column":27},"end":{"line":41,"column":28}},"loc":{"start":{"line":41,"column":48},"end":{"line":60,"column":9}},"line":41},"3":{"name":"(anonymous_3)","decl":{"start":{"line":43,"column":20},"end":{"line":43,"column":21}},"loc":{"start":{"line":43,"column":30},"end":{"line":58,"column":15}},"line":43},"4":{"name":"(anonymous_4)","decl":{"start":{"line":44,"column":39},"end":{"line":44,"column":40}},"loc":{"start":{"line":44,"column":45},"end":{"line":47,"column":17}},"line":44},"5":{"name":"(anonymous_5)","decl":{"start":{"line":49,"column":34},"end":{"line":49,"column":35}},"loc":{"start":{"line":49,"column":42},"end":{"line":57,"column":17}},"line":49},"6":{"name":"(anonymous_6)","decl":{"start":{"line":71,"column":4},"end":{"line":71,"column":5}},"loc":{"start":{"line":71,"column":24},"end":{"line":88,"column":5}},"line":71},"7":{"name":"(anonymous_7)","decl":{"start":{"line":72,"column":27},"end":{"line":72,"column":28}},"loc":{"start":{"line":72,"column":48},"end":{"line":87,"column":9}},"line":72},"8":{"name":"(anonymous_8)","decl":{"start":{"line":74,"column":20},"end":{"line":74,"column":21}},"loc":{"start":{"line":74,"column":30},"end":{"line":85,"column":15}},"line":74},"9":{"name":"(anonymous_9)","decl":{"start":{"line":75,"column":39},"end":{"line":75,"column":40}},"loc":{"start":{"line":75,"column":45},"end":{"line":78,"column":17}},"line":75},"10":{"name":"(anonymous_10)","decl":{"start":{"line":80,"column":35},"end":{"line":80,"column":36}},"loc":{"start":{"line":80,"column":41},"end":{"line":83,"column":17}},"line":80},"11":{"name":"(anonymous_11)","decl":{"start":{"line":98,"column":4},"end":{"line":98,"column":5}},"loc":{"start":{"line":98,"column":17},"end":{"line":110,"column":5}},"line":98},"12":{"name":"(anonymous_12)","decl":{"start":{"line":99,"column":27},"end":{"line":99,"column":28}},"loc":{"start":{"line":99,"column":48},"end":{"line":109,"column":9}},"line":99},"13":{"name":"(anonymous_13)","decl":{"start":{"line":103,"column":36},"end":{"line":103,"column":37}},"loc":{"start":{"line":103,"column":42},"end":{"line":107,"column":11}},"line":103},"14":{"name":"(anonymous_14)","decl":{"start":{"line":108,"column":34},"end":{"line":108,"column":35}},"loc":{"start":{"line":108,"column":41},"end":{"line":108,"column":72}},"line":108}},"branchMap":{"0":{"loc":{"start":{"line":24,"column":22},"end":{"line":24,"column":34}},"type":"default-arg","locations":[{"start":{"line":24,"column":29},"end":{"line":24,"column":34}}],"line":24},"1":{"loc":{"start":{"line":24,"column":36},"end":{"line":24,"column":50}},"type":"default-arg","locations":[{"start":{"line":24,"column":46},"end":{"line":24,"column":50}}],"line":24},"2":{"loc":{"start":{"line":52,"column":20},"end":{"line":56,"column":21}},"type":"if","locations":[{"start":{"line":52,"column":20},"end":{"line":56,"column":21}},{"start":{"line":52,"column":20},"end":{"line":56,"column":21}}],"line":52},"3":{"loc":{"start":{"line":104,"column":12},"end":{"line":104,"column":67}},"type":"if","locations":[{"start":{"line":104,"column":12},"end":{"line":104,"column":67}},{"start":{"line":104,"column":12},"end":{"line":104,"column":67}}],"line":104},"4":{"loc":{"start":{"line":108,"column":41},"end":{"line":108,"column":72}},"type":"cond-expr","locations":[{"start":{"line":108,"column":54},"end":{"line":108,"column":65}},{"start":{"line":108,"column":68},"end":{"line":108,"column":72}}],"line":108}},"s":{"0":1,"1":0,"2":0,"3":0,"4":0,"5":0,"6":0,"7":0,"8":0,"9":0,"10":0,"11":0,"12":0,"13":0,"14":0,"15":0,"16":0,"17":0,"18":0,"19":0,"20":0,"21":0,"22":0,"23":0,"24":0,"25":0,"26":0,"27":0,"28":0,"29":0,"30":0,"31":0,"32":0,"33":0,"34":0,"35":0,"36":0,"37":0,"38":0,"39":0,"40":1},"f":{"0":0,"1":0,"2":0,"3":0,"4":0,"5":0,"6":0,"7":0,"8":0,"9":0,"10":0,"11":0,"12":0,"13":0,"14":0},"b":{"0":[0],"1":[0],"2":[0,0],"3":[0,0],"4":[0,0]},"_coverageSchema":"d34fc3e6b8297bcde183f5492bcb8fcb36775295","hash":"f8e2f2030f28801c72e28e2c95cdb847adee1490","contentHash":"1584e3ec203c6a7eee36aa171c7bb806"},"/home/teamspeak/TS3-NodeJS-Library/TeamSpeak3.js":{"path":"/home/teamspeak/TS3-NodeJS-Library/TeamSpeak3.js","statementMap":{"0":{"start":{"line":9,"column":17},"end":{"line":9,"column":48}},"1":{"start":{"line":10,"column":21},"end":{"line":10,"column":56}},"2":{"start":{"line":11,"column":24},"end":{"line":11,"column":52}},"3":{"start":{"line":12,"column":25},"end":{"line":12,"column":54}},"4":{"start":{"line":13,"column":24},"end":{"line":13,"column":52}},"5":{"start":{"line":14,"column":29},"end":{"line":14,"column":62}},"6":{"start":{"line":15,"column":30},"end":{"line":15,"column":64}},"7":{"start":{"line":17,"column":21},"end":{"line":17,"column":38}},"8":{"start":{"line":51,"column":8},"end":{"line":51,"column":15}},"9":{"start":{"line":52,"column":8},"end":{"line":61,"column":9}},"10":{"start":{"line":63,"column":8},"end":{"line":63,"column":26}},"11":{"start":{"line":64,"column":8},"end":{"line":64,"column":27}},"12":{"start":{"line":65,"column":8},"end":{"line":65,"column":31}},"13":{"start":{"line":66,"column":8},"end":{"line":66,"column":32}},"14":{"start":{"line":67,"column":8},"end":{"line":67,"column":26}},"15":{"start":{"line":69,"column":8},"end":{"line":69,"column":46}},"16":{"start":{"line":71,"column":8},"end":{"line":71,"column":75}},"17":{"start":{"line":72,"column":8},"end":{"line":72,"column":73}},"18":{"start":{"line":73,"column":8},"end":{"line":73,"column":69}},"19":{"start":{"line":74,"column":8},"end":{"line":74,"column":71}},"20":{"start":{"line":75,"column":8},"end":{"line":75,"column":69}},"21":{"start":{"line":76,"column":8},"end":{"line":76,"column":73}},"22":{"start":{"line":77,"column":8},"end":{"line":77,"column":73}},"23":{"start":{"line":78,"column":8},"end":{"line":78,"column":67}},"24":{"start":{"line":79,"column":8},"end":{"line":79,"column":67}},"25":{"start":{"line":81,"column":8},"end":{"line":99,"column":10}},"26":{"start":{"line":82,"column":23},"end":{"line":82,"column":25}},"27":{"start":{"line":83,"column":12},"end":{"line":84,"column":83}},"28":{"start":{"line":84,"column":16},"end":{"line":84,"column":83}},"29":{"start":{"line":85,"column":12},"end":{"line":86,"column":66}},"30":{"start":{"line":86,"column":16},"end":{"line":86,"column":66}},"31":{"start":{"line":87,"column":12},"end":{"line":88,"column":86}},"32":{"start":{"line":88,"column":16},"end":{"line":88,"column":86}},"33":{"start":{"line":89,"column":12},"end":{"line":98,"column":51}},"34":{"start":{"line":97,"column":27},"end":{"line":97,"column":46}},"35":{"start":{"line":98,"column":28},"end":{"line":98,"column":50}},"36":{"start":{"line":111,"column":8},"end":{"line":111,"column":58}},"37":{"start":{"line":111,"column":35},"end":{"line":111,"column":57}},"38":{"start":{"line":121,"column":9},"end":{"line":121,"column":59}},"39":{"start":{"line":121,"column":36},"end":{"line":121,"column":58}},"40":{"start":{"line":130,"column":10},"end":{"line":130,"column":66}},"41":{"start":{"line":130,"column":40},"end":{"line":130,"column":65}},"42":{"start":{"line":138,"column":11},"end":{"line":138,"column":67}},"43":{"start":{"line":138,"column":41},"end":{"line":138,"column":66}},"44":{"start":{"line":151,"column":8},"end":{"line":151,"column":68}},"45":{"start":{"line":152,"column":8},"end":{"line":155,"column":10}},"46":{"start":{"line":170,"column":8},"end":{"line":173,"column":10}},"47":{"start":{"line":174,"column":8},"end":{"line":174,"column":48}},"48":{"start":{"line":189,"column":8},"end":{"line":196,"column":45}},"49":{"start":{"line":191,"column":12},"end":{"line":195,"column":14}},"50":{"start":{"line":196,"column":22},"end":{"line":196,"column":44}},"51":{"start":{"line":211,"column":8},"end":{"line":220,"column":44}},"52":{"start":{"line":215,"column":12},"end":{"line":219,"column":14}},"53":{"start":{"line":220,"column":22},"end":{"line":220,"column":43}},"54":{"start":{"line":234,"column":8},"end":{"line":241,"column":44}},"55":{"start":{"line":236,"column":23},"end":{"line":236,"column":54}},"56":{"start":{"line":237,"column":12},"end":{"line":239,"column":58}},"57":{"start":{"line":238,"column":29},"end":{"line":238,"column":62}},"58":{"start":{"line":239,"column":30},"end":{"line":239,"column":57}},"59":{"start":{"line":240,"column":12},"end":{"line":240,"column":41}},"60":{"start":{"line":241,"column":22},"end":{"line":241,"column":43}},"61":{"start":{"line":256,"column":8},"end":{"line":265,"column":44}},"62":{"start":{"line":260,"column":23},"end":{"line":260,"column":71}},"63":{"start":{"line":261,"column":12},"end":{"line":263,"column":58}},"64":{"start":{"line":262,"column":29},"end":{"line":262,"column":56}},"65":{"start":{"line":263,"column":30},"end":{"line":263,"column":57}},"66":{"start":{"line":264,"column":12},"end":{"line":264,"column":42}},"67":{"start":{"line":265,"column":22},"end":{"line":265,"column":43}},"68":{"start":{"line":280,"column":8},"end":{"line":289,"column":44}},"69":{"start":{"line":284,"column":23},"end":{"line":284,"column":71}},"70":{"start":{"line":285,"column":12},"end":{"line":287,"column":58}},"71":{"start":{"line":286,"column":29},"end":{"line":286,"column":56}},"72":{"start":{"line":287,"column":30},"end":{"line":287,"column":57}},"73":{"start":{"line":288,"column":12},"end":{"line":288,"column":44}},"74":{"start":{"line":289,"column":22},"end":{"line":289,"column":43}},"75":{"start":{"line":304,"column":8},"end":{"line":312,"column":45}},"76":{"start":{"line":308,"column":23},"end":{"line":312,"column":10}},"77":{"start":{"line":312,"column":23},"end":{"line":312,"column":44}},"78":{"start":{"line":326,"column":8},"end":{"line":328,"column":44}},"79":{"start":{"line":327,"column":26},"end":{"line":327,"column":87}},"80":{"start":{"line":328,"column":22},"end":{"line":328,"column":43}},"81":{"start":{"line":342,"column":8},"end":{"line":342,"column":46}},"82":{"start":{"line":354,"column":8},"end":{"line":354,"column":55}},"83":{"start":{"line":367,"column":8},"end":{"line":367,"column":66}},"84":{"start":{"line":380,"column":8},"end":{"line":380,"column":58}},"85":{"start":{"line":391,"column":8},"end":{"line":391,"column":57}},"86":{"start":{"line":402,"column":8},"end":{"line":402,"column":38}},"87":{"start":{"line":413,"column":8},"end":{"line":413,"column":39}},"88":{"start":{"line":424,"column":8},"end":{"line":424,"column":43}},"89":{"start":{"line":436,"column":8},"end":{"line":436,"column":55}},"90":{"start":{"line":447,"column":8},"end":{"line":447,"column":42}},"91":{"start":{"line":460,"column":8},"end":{"line":460,"column":81}},"92":{"start":{"line":473,"column":8},"end":{"line":473,"column":82}},"93":{"start":{"line":484,"column":8},"end":{"line":484,"column":37}},"94":{"start":{"line":495,"column":8},"end":{"line":495,"column":41}},"95":{"start":{"line":507,"column":8},"end":{"line":507,"column":72}},"96":{"start":{"line":519,"column":8},"end":{"line":519,"column":53}},"97":{"start":{"line":531,"column":8},"end":{"line":531,"column":63}},"98":{"start":{"line":542,"column":8},"end":{"line":542,"column":58}},"99":{"start":{"line":554,"column":26},"end":{"line":554,"column":28}},"100":{"start":{"line":555,"column":8},"end":{"line":560,"column":99}},"101":{"start":{"line":557,"column":14},"end":{"line":557,"column":33}},"102":{"start":{"line":558,"column":14},"end":{"line":558,"column":61}},"103":{"start":{"line":560,"column":26},"end":{"line":560,"column":98}},"104":{"start":{"line":560,"column":49},"end":{"line":560,"column":97}},"105":{"start":{"line":572,"column":8},"end":{"line":572,"column":52}},"106":{"start":{"line":584,"column":8},"end":{"line":584,"column":51}},"107":{"start":{"line":597,"column":8},"end":{"line":597,"column":61}},"108":{"start":{"line":610,"column":8},"end":{"line":612,"column":67}},"109":{"start":{"line":611,"column":28},"end":{"line":611,"column":58}},"110":{"start":{"line":612,"column":25},"end":{"line":612,"column":66}},"111":{"start":{"line":612,"column":48},"end":{"line":612,"column":65}},"112":{"start":{"line":624,"column":8},"end":{"line":624,"column":74}},"113":{"start":{"line":637,"column":8},"end":{"line":637,"column":69}},"114":{"start":{"line":650,"column":8},"end":{"line":650,"column":69}},"115":{"start":{"line":663,"column":8},"end":{"line":663,"column":60}},"116":{"start":{"line":678,"column":25},"end":{"line":678,"column":47}},"117":{"start":{"line":679,"column":8},"end":{"line":679,"column":60}},"118":{"start":{"line":679,"column":38},"end":{"line":679,"column":60}},"119":{"start":{"line":680,"column":8},"end":{"line":680,"column":58}},"120":{"start":{"line":693,"column":8},"end":{"line":693,"column":64}},"121":{"start":{"line":706,"column":8},"end":{"line":706,"column":110}},"122":{"start":{"line":723,"column":25},"end":{"line":723,"column":33}},"123":{"start":{"line":724,"column":8},"end":{"line":724,"column":56}},"124":{"start":{"line":725,"column":8},"end":{"line":725,"column":36}},"125":{"start":{"line":726,"column":8},"end":{"line":726,"column":34}},"126":{"start":{"line":727,"column":8},"end":{"line":727,"column":39}},"127":{"start":{"line":728,"column":8},"end":{"line":728,"column":61}},"128":{"start":{"line":742,"column":25},"end":{"line":742,"column":33}},"129":{"start":{"line":743,"column":8},"end":{"line":743,"column":57}},"130":{"start":{"line":744,"column":8},"end":{"line":744,"column":61}},"131":{"start":{"line":757,"column":8},"end":{"line":757,"column":38}},"132":{"start":{"line":758,"column":8},"end":{"line":760,"column":57}},"133":{"start":{"line":759,"column":25},"end":{"line":759,"column":50}},"134":{"start":{"line":760,"column":19},"end":{"line":760,"column":56}},"135":{"start":{"line":760,"column":42},"end":{"line":760,"column":55}},"136":{"start":{"line":773,"column":8},"end":{"line":775,"column":59}},"137":{"start":{"line":774,"column":28},"end":{"line":774,"column":59}},"138":{"start":{"line":775,"column":21},"end":{"line":775,"column":58}},"139":{"start":{"line":775,"column":44},"end":{"line":775,"column":57}},"140":{"start":{"line":787,"column":8},"end":{"line":791,"column":10}},"141":{"start":{"line":788,"column":10},"end":{"line":790,"column":26}},"142":{"start":{"line":789,"column":29},"end":{"line":789,"column":48}},"143":{"start":{"line":803,"column":8},"end":{"line":807,"column":10}},"144":{"start":{"line":804,"column":10},"end":{"line":806,"column":26}},"145":{"start":{"line":805,"column":29},"end":{"line":805,"column":48}},"146":{"start":{"line":819,"column":8},"end":{"line":819,"column":51}},"147":{"start":{"line":833,"column":8},"end":{"line":833,"column":64}},"148":{"start":{"line":846,"column":8},"end":{"line":846,"column":59}},"149":{"start":{"line":859,"column":8},"end":{"line":859,"column":28}},"150":{"start":{"line":860,"column":8},"end":{"line":860,"column":54}},"151":{"start":{"line":873,"column":8},"end":{"line":873,"column":107}},"152":{"start":{"line":888,"column":25},"end":{"line":888,"column":32}},"153":{"start":{"line":889,"column":8},"end":{"line":889,"column":55}},"154":{"start":{"line":890,"column":8},"end":{"line":890,"column":36}},"155":{"start":{"line":891,"column":8},"end":{"line":891,"column":57}},"156":{"start":{"line":905,"column":19},"end":{"line":905,"column":29}},"157":{"start":{"line":906,"column":8},"end":{"line":906,"column":49}},"158":{"start":{"line":907,"column":8},"end":{"line":907,"column":51}},"159":{"start":{"line":919,"column":8},"end":{"line":923,"column":10}},"160":{"start":{"line":920,"column":10},"end":{"line":922,"column":26}},"161":{"start":{"line":921,"column":29},"end":{"line":921,"column":48}},"162":{"start":{"line":935,"column":8},"end":{"line":939,"column":10}},"163":{"start":{"line":936,"column":10},"end":{"line":938,"column":26}},"164":{"start":{"line":937,"column":29},"end":{"line":937,"column":48}},"165":{"start":{"line":951,"column":8},"end":{"line":955,"column":10}},"166":{"start":{"line":952,"column":10},"end":{"line":954,"column":26}},"167":{"start":{"line":953,"column":29},"end":{"line":953,"column":48}},"168":{"start":{"line":967,"column":8},"end":{"line":971,"column":10}},"169":{"start":{"line":968,"column":10},"end":{"line":970,"column":26}},"170":{"start":{"line":969,"column":29},"end":{"line":969,"column":48}},"171":{"start":{"line":983,"column":8},"end":{"line":983,"column":51}},"172":{"start":{"line":997,"column":8},"end":{"line":997,"column":93}},"173":{"start":{"line":1009,"column":8},"end":{"line":1009,"column":55}},"174":{"start":{"line":1023,"column":8},"end":{"line":1023,"column":72}},"175":{"start":{"line":1037,"column":8},"end":{"line":1037,"column":61}},"176":{"start":{"line":1050,"column":8},"end":{"line":1050,"column":56}},"177":{"start":{"line":1063,"column":8},"end":{"line":1063,"column":109}},"178":{"start":{"line":1080,"column":25},"end":{"line":1080,"column":35}},"179":{"start":{"line":1081,"column":8},"end":{"line":1081,"column":58}},"180":{"start":{"line":1082,"column":8},"end":{"line":1082,"column":36}},"181":{"start":{"line":1083,"column":8},"end":{"line":1083,"column":34}},"182":{"start":{"line":1084,"column":8},"end":{"line":1084,"column":39}},"183":{"start":{"line":1085,"column":8},"end":{"line":1085,"column":56}},"184":{"start":{"line":1099,"column":25},"end":{"line":1099,"column":35}},"185":{"start":{"line":1100,"column":8},"end":{"line":1100,"column":59}},"186":{"start":{"line":1101,"column":8},"end":{"line":1101,"column":56}},"187":{"start":{"line":1115,"column":8},"end":{"line":1115,"column":63}},"188":{"start":{"line":1127,"column":8},"end":{"line":1127,"column":53}},"189":{"start":{"line":1141,"column":8},"end":{"line":1141,"column":62}},"190":{"start":{"line":1157,"column":8},"end":{"line":1157,"column":66}},"191":{"start":{"line":1172,"column":8},"end":{"line":1172,"column":74}},"192":{"start":{"line":1184,"column":8},"end":{"line":1188,"column":10}},"193":{"start":{"line":1185,"column":10},"end":{"line":1187,"column":26}},"194":{"start":{"line":1186,"column":28},"end":{"line":1186,"column":46}},"195":{"start":{"line":1200,"column":8},"end":{"line":1204,"column":10}},"196":{"start":{"line":1201,"column":10},"end":{"line":1203,"column":26}},"197":{"start":{"line":1202,"column":28},"end":{"line":1202,"column":46}},"198":{"start":{"line":1216,"column":8},"end":{"line":1220,"column":10}},"199":{"start":{"line":1217,"column":10},"end":{"line":1219,"column":26}},"200":{"start":{"line":1218,"column":28},"end":{"line":1218,"column":46}},"201":{"start":{"line":1232,"column":8},"end":{"line":1236,"column":10}},"202":{"start":{"line":1233,"column":10},"end":{"line":1235,"column":26}},"203":{"start":{"line":1234,"column":28},"end":{"line":1234,"column":46}},"204":{"start":{"line":1250,"column":8},"end":{"line":1250,"column":75}},"205":{"start":{"line":1263,"column":8},"end":{"line":1263,"column":63}},"206":{"start":{"line":1278,"column":25},"end":{"line":1278,"column":47}},"207":{"start":{"line":1279,"column":8},"end":{"line":1279,"column":60}},"208":{"start":{"line":1279,"column":38},"end":{"line":1279,"column":60}},"209":{"start":{"line":1280,"column":8},"end":{"line":1280,"column":59}},"210":{"start":{"line":1293,"column":8},"end":{"line":1293,"column":65}},"211":{"start":{"line":1306,"column":8},"end":{"line":1306,"column":113}},"212":{"start":{"line":1323,"column":25},"end":{"line":1323,"column":33}},"213":{"start":{"line":1324,"column":8},"end":{"line":1324,"column":58}},"214":{"start":{"line":1325,"column":8},"end":{"line":1325,"column":36}},"215":{"start":{"line":1326,"column":8},"end":{"line":1326,"column":34}},"216":{"start":{"line":1327,"column":8},"end":{"line":1327,"column":39}},"217":{"start":{"line":1328,"column":8},"end":{"line":1328,"column":62}},"218":{"start":{"line":1342,"column":25},"end":{"line":1342,"column":33}},"219":{"start":{"line":1343,"column":8},"end":{"line":1343,"column":59}},"220":{"start":{"line":1344,"column":8},"end":{"line":1344,"column":62}},"221":{"start":{"line":1357,"column":25},"end":{"line":1357,"column":33}},"222":{"start":{"line":1358,"column":8},"end":{"line":1358,"column":57}},"223":{"start":{"line":1358,"column":37},"end":{"line":1358,"column":57}},"224":{"start":{"line":1359,"column":8},"end":{"line":1359,"column":84}},"225":{"start":{"line":1373,"column":25},"end":{"line":1373,"column":40}},"226":{"start":{"line":1374,"column":8},"end":{"line":1374,"column":79}},"227":{"start":{"line":1374,"column":53},"end":{"line":1374,"column":79}},"228":{"start":{"line":1375,"column":8},"end":{"line":1375,"column":83}},"229":{"start":{"line":1375,"column":55},"end":{"line":1375,"column":83}},"230":{"start":{"line":1376,"column":8},"end":{"line":1376,"column":55}},"231":{"start":{"line":1387,"column":8},"end":{"line":1387,"column":64}},"232":{"start":{"line":1399,"column":8},"end":{"line":1399,"column":59}},"233":{"start":{"line":1411,"column":8},"end":{"line":1411,"column":102}},"234":{"start":{"line":1423,"column":8},"end":{"line":1423,"column":106}},"235":{"start":{"line":1434,"column":8},"end":{"line":1434,"column":40}},"236":{"start":{"line":1445,"column":8},"end":{"line":1445,"column":66}},"237":{"start":{"line":1460,"column":25},"end":{"line":1460,"column":55}},"238":{"start":{"line":1461,"column":8},"end":{"line":1461,"column":54}},"239":{"start":{"line":1461,"column":29},"end":{"line":1461,"column":54}},"240":{"start":{"line":1462,"column":8},"end":{"line":1462,"column":61}},"241":{"start":{"line":1462,"column":25},"end":{"line":1462,"column":61}},"242":{"start":{"line":1463,"column":8},"end":{"line":1463,"column":58}},"243":{"start":{"line":1475,"column":8},"end":{"line":1475,"column":60}},"244":{"start":{"line":1487,"column":8},"end":{"line":1487,"column":57}},"245":{"start":{"line":1498,"column":8},"end":{"line":1498,"column":61}},"246":{"start":{"line":1512,"column":8},"end":{"line":1512,"column":67}},"247":{"start":{"line":1524,"column":8},"end":{"line":1524,"column":52}},"248":{"start":{"line":1536,"column":8},"end":{"line":1536,"column":52}},"249":{"start":{"line":1549,"column":8},"end":{"line":1549,"column":65}},"250":{"start":{"line":1561,"column":8},"end":{"line":1561,"column":74}},"251":{"start":{"line":1574,"column":8},"end":{"line":1574,"column":63}},"252":{"start":{"line":1587,"column":18},"end":{"line":1587,"column":72}},"253":{"start":{"line":1588,"column":25},"end":{"line":1588,"column":36}},"254":{"start":{"line":1589,"column":8},"end":{"line":1589,"column":59}},"255":{"start":{"line":1589,"column":31},"end":{"line":1589,"column":59}},"256":{"start":{"line":1590,"column":8},"end":{"line":1590,"column":44}},"257":{"start":{"line":1601,"column":8},"end":{"line":1601,"column":57}},"258":{"start":{"line":1617,"column":8},"end":{"line":1617,"column":73}},"259":{"start":{"line":1629,"column":8},"end":{"line":1632,"column":9}},"260":{"start":{"line":1647,"column":8},"end":{"line":1647,"column":79}},"261":{"start":{"line":1660,"column":8},"end":{"line":1660,"column":59}},"262":{"start":{"line":1672,"column":8},"end":{"line":1672,"column":42}},"263":{"start":{"line":1684,"column":8},"end":{"line":1684,"column":55}},"264":{"start":{"line":1697,"column":8},"end":{"line":1697,"column":81}},"265":{"start":{"line":1710,"column":8},"end":{"line":1710,"column":34}},"266":{"start":{"line":1711,"column":8},"end":{"line":1711,"column":55}},"267":{"start":{"line":1724,"column":8},"end":{"line":1724,"column":57}},"268":{"start":{"line":1735,"column":8},"end":{"line":1739,"column":122}},"269":{"start":{"line":1737,"column":27},"end":{"line":1737,"column":105}},"270":{"start":{"line":1738,"column":27},"end":{"line":1738,"column":68}},"271":{"start":{"line":1739,"column":27},"end":{"line":1739,"column":121}},"272":{"start":{"line":1739,"column":60},"end":{"line":1739,"column":120}},"273":{"start":{"line":1739,"column":85},"end":{"line":1739,"column":118}},"274":{"start":{"line":1751,"column":8},"end":{"line":1755,"column":114}},"275":{"start":{"line":1753,"column":26},"end":{"line":1753,"column":103}},"276":{"start":{"line":1754,"column":27},"end":{"line":1754,"column":67}},"277":{"start":{"line":1755,"column":26},"end":{"line":1755,"column":113}},"278":{"start":{"line":1755,"column":59},"end":{"line":1755,"column":112}},"279":{"start":{"line":1755,"column":83},"end":{"line":1755,"column":110}},"280":{"start":{"line":1767,"column":8},"end":{"line":1771,"column":113}},"281":{"start":{"line":1769,"column":26},"end":{"line":1769,"column":101}},"282":{"start":{"line":1770,"column":26},"end":{"line":1770,"column":66}},"283":{"start":{"line":1771,"column":26},"end":{"line":1771,"column":112}},"284":{"start":{"line":1771,"column":59},"end":{"line":1771,"column":111}},"285":{"start":{"line":1771,"column":83},"end":{"line":1771,"column":109}},"286":{"start":{"line":1783,"column":8},"end":{"line":1787,"column":112}},"287":{"start":{"line":1785,"column":28},"end":{"line":1785,"column":96}},"288":{"start":{"line":1786,"column":28},"end":{"line":1786,"column":70}},"289":{"start":{"line":1787,"column":28},"end":{"line":1787,"column":111}},"290":{"start":{"line":1787,"column":61},"end":{"line":1787,"column":110}},"291":{"start":{"line":1787,"column":87},"end":{"line":1787,"column":108}},"292":{"start":{"line":1799,"column":8},"end":{"line":1803,"column":116}},"293":{"start":{"line":1801,"column":25},"end":{"line":1801,"column":91}},"294":{"start":{"line":1802,"column":25},"end":{"line":1802,"column":66}},"295":{"start":{"line":1803,"column":25},"end":{"line":1803,"column":115}},"296":{"start":{"line":1803,"column":58},"end":{"line":1803,"column":114}},"297":{"start":{"line":1803,"column":83},"end":{"line":1803,"column":112}},"298":{"start":{"line":1817,"column":8},"end":{"line":1817,"column":83}},"299":{"start":{"line":1831,"column":8},"end":{"line":1831,"column":64}},"300":{"start":{"line":1844,"column":8},"end":{"line":1844,"column":67}},"301":{"start":{"line":1858,"column":8},"end":{"line":1858,"column":63}},"302":{"start":{"line":1872,"column":8},"end":{"line":1872,"column":65}},"303":{"start":{"line":1889,"column":8},"end":{"line":1889,"column":87}},"304":{"start":{"line":1909,"column":8},"end":{"line":1909,"column":98}},"305":{"start":{"line":1909,"column":42},"end":{"line":1909,"column":98}},"306":{"start":{"line":1910,"column":8},"end":{"line":1910,"column":50}},"307":{"start":{"line":1910,"column":34},"end":{"line":1910,"column":50}},"308":{"start":{"line":1911,"column":8},"end":{"line":1911,"column":56}},"309":{"start":{"line":1911,"column":37},"end":{"line":1911,"column":56}},"310":{"start":{"line":1912,"column":8},"end":{"line":1912,"column":62}},"311":{"start":{"line":1912,"column":40},"end":{"line":1912,"column":62}},"312":{"start":{"line":1913,"column":8},"end":{"line":1913,"column":53}},"313":{"start":{"line":1931,"column":8},"end":{"line":1931,"column":98}},"314":{"start":{"line":1931,"column":42},"end":{"line":1931,"column":98}},"315":{"start":{"line":1932,"column":8},"end":{"line":1932,"column":58}},"316":{"start":{"line":1932,"column":38},"end":{"line":1932,"column":58}},"317":{"start":{"line":1933,"column":8},"end":{"line":1933,"column":51}},"318":{"start":{"line":1933,"column":34},"end":{"line":1933,"column":51}},"319":{"start":{"line":1934,"column":8},"end":{"line":1934,"column":50}},"320":{"start":{"line":1934,"column":34},"end":{"line":1934,"column":50}},"321":{"start":{"line":1935,"column":8},"end":{"line":1935,"column":54}},"322":{"start":{"line":1935,"column":35},"end":{"line":1935,"column":54}},"323":{"start":{"line":1936,"column":8},"end":{"line":1936,"column":55}},"324":{"start":{"line":1950,"column":8},"end":{"line":1962,"column":10}},"325":{"start":{"line":1951,"column":12},"end":{"line":1951,"column":34}},"326":{"start":{"line":1952,"column":23},"end":{"line":1952,"column":37}},"327":{"start":{"line":1953,"column":12},"end":{"line":1953,"column":66}},"328":{"start":{"line":1953,"column":42},"end":{"line":1953,"column":66}},"329":{"start":{"line":1954,"column":12},"end":{"line":1961,"column":18}},"330":{"start":{"line":1956,"column":20},"end":{"line":1956,"column":73}},"331":{"start":{"line":1956,"column":40},"end":{"line":1956,"column":73}},"332":{"start":{"line":1957,"column":20},"end":{"line":1960,"column":38}},"333":{"start":{"line":1974,"column":8},"end":{"line":1983,"column":10}},"334":{"start":{"line":1975,"column":12},"end":{"line":1982,"column":18}},"335":{"start":{"line":1977,"column":20},"end":{"line":1977,"column":73}},"336":{"start":{"line":1977,"column":40},"end":{"line":1977,"column":73}},"337":{"start":{"line":1978,"column":20},"end":{"line":1981,"column":38}},"338":{"start":{"line":1994,"column":8},"end":{"line":2004,"column":10}},"339":{"start":{"line":1995,"column":12},"end":{"line":2003,"column":14}},"340":{"start":{"line":1996,"column":28},"end":{"line":2001,"column":18}},"341":{"start":{"line":1997,"column":20},"end":{"line":2000,"column":21}},"342":{"start":{"line":1998,"column":24},"end":{"line":1998,"column":101}},"343":{"start":{"line":1999,"column":24},"end":{"line":1999,"column":35}},"344":{"start":{"line":2002,"column":16},"end":{"line":2002,"column":62}},"345":{"start":{"line":2002,"column":28},"end":{"line":2002,"column":62}},"346":{"start":{"line":2015,"column":8},"end":{"line":2015,"column":35}},"347":{"start":{"line":2028,"column":8},"end":{"line":2036,"column":10}},"348":{"start":{"line":2029,"column":12},"end":{"line":2035,"column":28}},"349":{"start":{"line":2030,"column":16},"end":{"line":2030,"column":39}},"350":{"start":{"line":2031,"column":16},"end":{"line":2031,"column":35}},"351":{"start":{"line":2032,"column":16},"end":{"line":2032,"column":34}},"352":{"start":{"line":2033,"column":16},"end":{"line":2033,"column":40}},"353":{"start":{"line":2034,"column":16},"end":{"line":2034,"column":28}},"354":{"start":{"line":2052,"column":8},"end":{"line":2064,"column":10}},"355":{"start":{"line":2053,"column":28},"end":{"line":2053,"column":46}},"356":{"start":{"line":2054,"column":12},"end":{"line":2061,"column":14}},"357":{"start":{"line":2055,"column":24},"end":{"line":2055,"column":38}},"358":{"start":{"line":2056,"column":16},"end":{"line":2059,"column":17}},"359":{"start":{"line":2057,"column":20},"end":{"line":2057,"column":43}},"360":{"start":{"line":2058,"column":20},"end":{"line":2058,"column":68}},"361":{"start":{"line":2060,"column":16},"end":{"line":2060,"column":45}},"362":{"start":{"line":2062,"column":12},"end":{"line":2062,"column":63}},"363":{"start":{"line":2062,"column":37},"end":{"line":2062,"column":60}},"364":{"start":{"line":2063,"column":12},"end":{"line":2063,"column":25}},"365":{"start":{"line":2079,"column":7},"end":{"line":2095,"column":9}},"366":{"start":{"line":2080,"column":11},"end":{"line":2080,"column":53}},"367":{"start":{"line":2080,"column":38},"end":{"line":2080,"column":53}},"368":{"start":{"line":2081,"column":11},"end":{"line":2082,"column":36}},"369":{"start":{"line":2082,"column":15},"end":{"line":2082,"column":36}},"370":{"start":{"line":2083,"column":11},"end":{"line":2094,"column":14}},"371":{"start":{"line":2084,"column":15},"end":{"line":2093,"column":17}},"372":{"start":{"line":2085,"column":19},"end":{"line":2085,"column":45}},"373":{"start":{"line":2085,"column":34},"end":{"line":2085,"column":45}},"374":{"start":{"line":2086,"column":19},"end":{"line":2086,"column":81}},"375":{"start":{"line":2086,"column":52},"end":{"line":2086,"column":81}},"376":{"start":{"line":2087,"column":19},"end":{"line":2087,"column":86}},"377":{"start":{"line":2087,"column":49},"end":{"line":2087,"column":86}},"378":{"start":{"line":2088,"column":19},"end":{"line":2092,"column":20}},"379":{"start":{"line":2089,"column":38},"end":{"line":2089,"column":75}},"380":{"start":{"line":2090,"column":38},"end":{"line":2090,"column":63}},"381":{"start":{"line":2091,"column":38},"end":{"line":2091,"column":67}},"382":{"start":{"line":2106,"column":8},"end":{"line":2110,"column":10}},"383":{"start":{"line":2107,"column":12},"end":{"line":2107,"column":81}},"384":{"start":{"line":2107,"column":63},"end":{"line":2107,"column":81}},"385":{"start":{"line":2108,"column":12},"end":{"line":2108,"column":62}},"386":{"start":{"line":2108,"column":39},"end":{"line":2108,"column":62}},"387":{"start":{"line":2109,"column":12},"end":{"line":2109,"column":26}},"388":{"start":{"line":2117,"column":0},"end":{"line":2117,"column":27}}},"fnMap":{"0":{"name":"(anonymous_0)","decl":{"start":{"line":50,"column":4},"end":{"line":50,"column":5}},"loc":{"start":{"line":50,"column":29},"end":{"line":139,"column":5}},"line":50},"1":{"name":"(anonymous_1)","decl":{"start":{"line":81,"column":32},"end":{"line":81,"column":33}},"loc":{"start":{"line":81,"column":38},"end":{"line":99,"column":9}},"line":81},"2":{"name":"(anonymous_2)","decl":{"start":{"line":97,"column":22},"end":{"line":97,"column":23}},"loc":{"start":{"line":97,"column":27},"end":{"line":97,"column":46}},"line":97},"3":{"name":"(anonymous_3)","decl":{"start":{"line":98,"column":23},"end":{"line":98,"column":24}},"loc":{"start":{"line":98,"column":28},"end":{"line":98,"column":50}},"line":98},"4":{"name":"(anonymous_4)","decl":{"start":{"line":111,"column":30},"end":{"line":111,"column":31}},"loc":{"start":{"line":111,"column":35},"end":{"line":111,"column":57}},"line":111},"5":{"name":"(anonymous_5)","decl":{"start":{"line":121,"column":31},"end":{"line":121,"column":32}},"loc":{"start":{"line":121,"column":36},"end":{"line":121,"column":58}},"line":121},"6":{"name":"(anonymous_6)","decl":{"start":{"line":130,"column":35},"end":{"line":130,"column":36}},"loc":{"start":{"line":130,"column":40},"end":{"line":130,"column":65}},"line":130},"7":{"name":"(anonymous_7)","decl":{"start":{"line":138,"column":33},"end":{"line":138,"column":34}},"loc":{"start":{"line":138,"column":41},"end":{"line":138,"column":66}},"line":138},"8":{"name":"(anonymous_8)","decl":{"start":{"line":150,"column":4},"end":{"line":150,"column":5}},"loc":{"start":{"line":150,"column":30},"end":{"line":156,"column":5}},"line":150},"9":{"name":"(anonymous_9)","decl":{"start":{"line":169,"column":4},"end":{"line":169,"column":5}},"loc":{"start":{"line":169,"column":29},"end":{"line":175,"column":5}},"line":169},"10":{"name":"(anonymous_10)","decl":{"start":{"line":188,"column":4},"end":{"line":188,"column":5}},"loc":{"start":{"line":188,"column":26},"end":{"line":197,"column":5}},"line":188},"11":{"name":"(anonymous_11)","decl":{"start":{"line":190,"column":14},"end":{"line":190,"column":15}},"loc":{"start":{"line":190,"column":19},"end":{"line":196,"column":9}},"line":190},"12":{"name":"(anonymous_12)","decl":{"start":{"line":196,"column":17},"end":{"line":196,"column":18}},"loc":{"start":{"line":196,"column":22},"end":{"line":196,"column":44}},"line":196},"13":{"name":"(anonymous_13)","decl":{"start":{"line":210,"column":4},"end":{"line":210,"column":5}},"loc":{"start":{"line":210,"column":26},"end":{"line":221,"column":5}},"line":210},"14":{"name":"(anonymous_14)","decl":{"start":{"line":214,"column":16},"end":{"line":214,"column":17}},"loc":{"start":{"line":214,"column":23},"end":{"line":220,"column":9}},"line":214},"15":{"name":"(anonymous_15)","decl":{"start":{"line":220,"column":17},"end":{"line":220,"column":18}},"loc":{"start":{"line":220,"column":22},"end":{"line":220,"column":43}},"line":220},"16":{"name":"(anonymous_16)","decl":{"start":{"line":233,"column":4},"end":{"line":233,"column":5}},"loc":{"start":{"line":233,"column":27},"end":{"line":242,"column":5}},"line":233},"17":{"name":"(anonymous_17)","decl":{"start":{"line":235,"column":14},"end":{"line":235,"column":15}},"loc":{"start":{"line":235,"column":24},"end":{"line":241,"column":9}},"line":235},"18":{"name":"(anonymous_18)","decl":{"start":{"line":238,"column":24},"end":{"line":238,"column":25}},"loc":{"start":{"line":238,"column":29},"end":{"line":238,"column":62}},"line":238},"19":{"name":"(anonymous_19)","decl":{"start":{"line":239,"column":25},"end":{"line":239,"column":26}},"loc":{"start":{"line":239,"column":30},"end":{"line":239,"column":57}},"line":239},"20":{"name":"(anonymous_20)","decl":{"start":{"line":241,"column":17},"end":{"line":241,"column":18}},"loc":{"start":{"line":241,"column":22},"end":{"line":241,"column":43}},"line":241},"21":{"name":"(anonymous_21)","decl":{"start":{"line":255,"column":4},"end":{"line":255,"column":5}},"loc":{"start":{"line":255,"column":28},"end":{"line":266,"column":5}},"line":255},"22":{"name":"(anonymous_22)","decl":{"start":{"line":259,"column":16},"end":{"line":259,"column":17}},"loc":{"start":{"line":259,"column":23},"end":{"line":265,"column":9}},"line":259},"23":{"name":"(anonymous_23)","decl":{"start":{"line":262,"column":24},"end":{"line":262,"column":25}},"loc":{"start":{"line":262,"column":29},"end":{"line":262,"column":56}},"line":262},"24":{"name":"(anonymous_24)","decl":{"start":{"line":263,"column":25},"end":{"line":263,"column":26}},"loc":{"start":{"line":263,"column":30},"end":{"line":263,"column":57}},"line":263},"25":{"name":"(anonymous_25)","decl":{"start":{"line":265,"column":17},"end":{"line":265,"column":18}},"loc":{"start":{"line":265,"column":22},"end":{"line":265,"column":43}},"line":265},"26":{"name":"(anonymous_26)","decl":{"start":{"line":279,"column":4},"end":{"line":279,"column":5}},"loc":{"start":{"line":279,"column":29},"end":{"line":290,"column":5}},"line":279},"27":{"name":"(anonymous_27)","decl":{"start":{"line":283,"column":16},"end":{"line":283,"column":17}},"loc":{"start":{"line":283,"column":23},"end":{"line":289,"column":9}},"line":283},"28":{"name":"(anonymous_28)","decl":{"start":{"line":286,"column":24},"end":{"line":286,"column":25}},"loc":{"start":{"line":286,"column":29},"end":{"line":286,"column":56}},"line":286},"29":{"name":"(anonymous_29)","decl":{"start":{"line":287,"column":25},"end":{"line":287,"column":26}},"loc":{"start":{"line":287,"column":30},"end":{"line":287,"column":57}},"line":287},"30":{"name":"(anonymous_30)","decl":{"start":{"line":289,"column":17},"end":{"line":289,"column":18}},"loc":{"start":{"line":289,"column":22},"end":{"line":289,"column":43}},"line":289},"31":{"name":"(anonymous_31)","decl":{"start":{"line":303,"column":4},"end":{"line":303,"column":5}},"loc":{"start":{"line":303,"column":27},"end":{"line":313,"column":5}},"line":303},"32":{"name":"(anonymous_32)","decl":{"start":{"line":308,"column":16},"end":{"line":308,"column":17}},"loc":{"start":{"line":308,"column":23},"end":{"line":312,"column":10}},"line":308},"33":{"name":"(anonymous_33)","decl":{"start":{"line":312,"column":18},"end":{"line":312,"column":19}},"loc":{"start":{"line":312,"column":23},"end":{"line":312,"column":44}},"line":312},"34":{"name":"(anonymous_34)","decl":{"start":{"line":325,"column":4},"end":{"line":325,"column":5}},"loc":{"start":{"line":325,"column":29},"end":{"line":329,"column":5}},"line":325},"35":{"name":"(anonymous_35)","decl":{"start":{"line":327,"column":16},"end":{"line":327,"column":17}},"loc":{"start":{"line":327,"column":26},"end":{"line":327,"column":87}},"line":327},"36":{"name":"(anonymous_36)","decl":{"start":{"line":328,"column":17},"end":{"line":328,"column":18}},"loc":{"start":{"line":328,"column":22},"end":{"line":328,"column":43}},"line":328},"37":{"name":"(anonymous_37)","decl":{"start":{"line":341,"column":4},"end":{"line":341,"column":5}},"loc":{"start":{"line":341,"column":14},"end":{"line":343,"column":5}},"line":341},"38":{"name":"(anonymous_38)","decl":{"start":{"line":353,"column":4},"end":{"line":353,"column":5}},"loc":{"start":{"line":353,"column":29},"end":{"line":355,"column":5}},"line":353},"39":{"name":"(anonymous_39)","decl":{"start":{"line":366,"column":4},"end":{"line":366,"column":5}},"loc":{"start":{"line":366,"column":29},"end":{"line":368,"column":5}},"line":366},"40":{"name":"(anonymous_40)","decl":{"start":{"line":379,"column":4},"end":{"line":379,"column":5}},"loc":{"start":{"line":379,"column":30},"end":{"line":381,"column":5}},"line":379},"41":{"name":"(anonymous_41)","decl":{"start":{"line":390,"column":4},"end":{"line":390,"column":5}},"loc":{"start":{"line":390,"column":13},"end":{"line":392,"column":5}},"line":390},"42":{"name":"(anonymous_42)","decl":{"start":{"line":401,"column":4},"end":{"line":401,"column":5}},"loc":{"start":{"line":401,"column":14},"end":{"line":403,"column":5}},"line":401},"43":{"name":"(anonymous_43)","decl":{"start":{"line":412,"column":4},"end":{"line":412,"column":5}},"loc":{"start":{"line":412,"column":15},"end":{"line":414,"column":5}},"line":412},"44":{"name":"(anonymous_44)","decl":{"start":{"line":423,"column":4},"end":{"line":423,"column":5}},"loc":{"start":{"line":423,"column":19},"end":{"line":425,"column":5}},"line":423},"45":{"name":"(anonymous_45)","decl":{"start":{"line":435,"column":4},"end":{"line":435,"column":5}},"loc":{"start":{"line":435,"column":29},"end":{"line":437,"column":5}},"line":435},"46":{"name":"(anonymous_46)","decl":{"start":{"line":446,"column":4},"end":{"line":446,"column":5}},"loc":{"start":{"line":446,"column":18},"end":{"line":448,"column":5}},"line":446},"47":{"name":"(anonymous_47)","decl":{"start":{"line":459,"column":4},"end":{"line":459,"column":5}},"loc":{"start":{"line":459,"column":37},"end":{"line":461,"column":5}},"line":459},"48":{"name":"(anonymous_48)","decl":{"start":{"line":472,"column":4},"end":{"line":472,"column":5}},"loc":{"start":{"line":472,"column":35},"end":{"line":474,"column":5}},"line":472},"49":{"name":"(anonymous_49)","decl":{"start":{"line":483,"column":4},"end":{"line":483,"column":5}},"loc":{"start":{"line":483,"column":13},"end":{"line":485,"column":5}},"line":483},"50":{"name":"(anonymous_50)","decl":{"start":{"line":494,"column":4},"end":{"line":494,"column":5}},"loc":{"start":{"line":494,"column":17},"end":{"line":496,"column":5}},"line":494},"51":{"name":"(anonymous_51)","decl":{"start":{"line":506,"column":4},"end":{"line":506,"column":5}},"loc":{"start":{"line":506,"column":42},"end":{"line":508,"column":5}},"line":506},"52":{"name":"(anonymous_52)","decl":{"start":{"line":518,"column":4},"end":{"line":518,"column":5}},"loc":{"start":{"line":518,"column":27},"end":{"line":520,"column":5}},"line":518},"53":{"name":"(anonymous_53)","decl":{"start":{"line":530,"column":4},"end":{"line":530,"column":5}},"loc":{"start":{"line":530,"column":33},"end":{"line":532,"column":5}},"line":530},"54":{"name":"(anonymous_54)","decl":{"start":{"line":541,"column":4},"end":{"line":541,"column":5}},"loc":{"start":{"line":541,"column":21},"end":{"line":543,"column":5}},"line":541},"55":{"name":"(anonymous_55)","decl":{"start":{"line":553,"column":4},"end":{"line":553,"column":5}},"loc":{"start":{"line":553,"column":29},"end":{"line":561,"column":5}},"line":553},"56":{"name":"(anonymous_56)","decl":{"start":{"line":556,"column":16},"end":{"line":556,"column":17}},"loc":{"start":{"line":556,"column":34},"end":{"line":559,"column":11}},"line":556},"57":{"name":"(anonymous_57)","decl":{"start":{"line":560,"column":16},"end":{"line":560,"column":17}},"loc":{"start":{"line":560,"column":26},"end":{"line":560,"column":98}},"line":560},"58":{"name":"(anonymous_58)","decl":{"start":{"line":560,"column":38},"end":{"line":560,"column":39}},"loc":{"start":{"line":560,"column":49},"end":{"line":560,"column":97}},"line":560},"59":{"name":"(anonymous_59)","decl":{"start":{"line":571,"column":4},"end":{"line":571,"column":5}},"loc":{"start":{"line":571,"column":22},"end":{"line":573,"column":5}},"line":571},"60":{"name":"(anonymous_60)","decl":{"start":{"line":583,"column":4},"end":{"line":583,"column":5}},"loc":{"start":{"line":583,"column":21},"end":{"line":585,"column":5}},"line":583},"61":{"name":"(anonymous_61)","decl":{"start":{"line":596,"column":4},"end":{"line":596,"column":5}},"loc":{"start":{"line":596,"column":31},"end":{"line":598,"column":5}},"line":596},"62":{"name":"(anonymous_62)","decl":{"start":{"line":609,"column":4},"end":{"line":609,"column":5}},"loc":{"start":{"line":609,"column":38},"end":{"line":613,"column":5}},"line":609},"63":{"name":"(anonymous_63)","decl":{"start":{"line":611,"column":16},"end":{"line":611,"column":17}},"loc":{"start":{"line":611,"column":28},"end":{"line":611,"column":58}},"line":611},"64":{"name":"(anonymous_64)","decl":{"start":{"line":612,"column":16},"end":{"line":612,"column":17}},"loc":{"start":{"line":612,"column":25},"end":{"line":612,"column":66}},"line":612},"65":{"name":"(anonymous_65)","decl":{"start":{"line":612,"column":37},"end":{"line":612,"column":38}},"loc":{"start":{"line":612,"column":48},"end":{"line":612,"column":65}},"line":612},"66":{"name":"(anonymous_66)","decl":{"start":{"line":623,"column":4},"end":{"line":623,"column":5}},"loc":{"start":{"line":623,"column":32},"end":{"line":625,"column":5}},"line":623},"67":{"name":"(anonymous_67)","decl":{"start":{"line":636,"column":4},"end":{"line":636,"column":5}},"loc":{"start":{"line":636,"column":39},"end":{"line":638,"column":5}},"line":636},"68":{"name":"(anonymous_68)","decl":{"start":{"line":649,"column":4},"end":{"line":649,"column":5}},"loc":{"start":{"line":649,"column":39},"end":{"line":651,"column":5}},"line":649},"69":{"name":"(anonymous_69)","decl":{"start":{"line":662,"column":4},"end":{"line":662,"column":5}},"loc":{"start":{"line":662,"column":36},"end":{"line":664,"column":5}},"line":662},"70":{"name":"(anonymous_70)","decl":{"start":{"line":677,"column":4},"end":{"line":677,"column":5}},"loc":{"start":{"line":677,"column":62},"end":{"line":681,"column":5}},"line":677},"71":{"name":"(anonymous_71)","decl":{"start":{"line":692,"column":4},"end":{"line":692,"column":5}},"loc":{"start":{"line":692,"column":34},"end":{"line":694,"column":5}},"line":692},"72":{"name":"(anonymous_72)","decl":{"start":{"line":705,"column":4},"end":{"line":705,"column":5}},"loc":{"start":{"line":705,"column":47},"end":{"line":707,"column":5}},"line":705},"73":{"name":"(anonymous_73)","decl":{"start":{"line":722,"column":4},"end":{"line":722,"column":5}},"loc":{"start":{"line":722,"column":81},"end":{"line":729,"column":5}},"line":722},"74":{"name":"(anonymous_74)","decl":{"start":{"line":741,"column":4},"end":{"line":741,"column":5}},"loc":{"start":{"line":741,"column":52},"end":{"line":745,"column":5}},"line":741},"75":{"name":"(anonymous_75)","decl":{"start":{"line":756,"column":4},"end":{"line":756,"column":5}},"loc":{"start":{"line":756,"column":41},"end":{"line":761,"column":5}},"line":756},"76":{"name":"(anonymous_76)","decl":{"start":{"line":759,"column":14},"end":{"line":759,"column":15}},"loc":{"start":{"line":759,"column":25},"end":{"line":759,"column":50}},"line":759},"77":{"name":"(anonymous_77)","decl":{"start":{"line":760,"column":14},"end":{"line":760,"column":15}},"loc":{"start":{"line":760,"column":19},"end":{"line":760,"column":56}},"line":760},"78":{"name":"(anonymous_78)","decl":{"start":{"line":760,"column":31},"end":{"line":760,"column":32}},"loc":{"start":{"line":760,"column":42},"end":{"line":760,"column":55}},"line":760},"79":{"name":"(anonymous_79)","decl":{"start":{"line":772,"column":4},"end":{"line":772,"column":5}},"loc":{"start":{"line":772,"column":39},"end":{"line":776,"column":5}},"line":772},"80":{"name":"(anonymous_80)","decl":{"start":{"line":774,"column":16},"end":{"line":774,"column":17}},"loc":{"start":{"line":774,"column":28},"end":{"line":774,"column":59}},"line":774},"81":{"name":"(anonymous_81)","decl":{"start":{"line":775,"column":16},"end":{"line":775,"column":17}},"loc":{"start":{"line":775,"column":21},"end":{"line":775,"column":58}},"line":775},"82":{"name":"(anonymous_82)","decl":{"start":{"line":775,"column":33},"end":{"line":775,"column":34}},"loc":{"start":{"line":775,"column":44},"end":{"line":775,"column":57}},"line":775},"83":{"name":"(anonymous_83)","decl":{"start":{"line":786,"column":4},"end":{"line":786,"column":5}},"loc":{"start":{"line":786,"column":24},"end":{"line":792,"column":5}},"line":786},"84":{"name":"(anonymous_84)","decl":{"start":{"line":787,"column":27},"end":{"line":787,"column":28}},"loc":{"start":{"line":787,"column":48},"end":{"line":791,"column":9}},"line":787},"85":{"name":"(anonymous_85)","decl":{"start":{"line":789,"column":18},"end":{"line":789,"column":19}},"loc":{"start":{"line":789,"column":29},"end":{"line":789,"column":48}},"line":789},"86":{"name":"(anonymous_86)","decl":{"start":{"line":802,"column":4},"end":{"line":802,"column":5}},"loc":{"start":{"line":802,"column":35},"end":{"line":808,"column":5}},"line":802},"87":{"name":"(anonymous_87)","decl":{"start":{"line":803,"column":27},"end":{"line":803,"column":28}},"loc":{"start":{"line":803,"column":48},"end":{"line":807,"column":9}},"line":803},"88":{"name":"(anonymous_88)","decl":{"start":{"line":805,"column":18},"end":{"line":805,"column":19}},"loc":{"start":{"line":805,"column":29},"end":{"line":805,"column":48}},"line":805},"89":{"name":"(anonymous_89)","decl":{"start":{"line":818,"column":4},"end":{"line":818,"column":5}},"loc":{"start":{"line":818,"column":21},"end":{"line":820,"column":5}},"line":818},"90":{"name":"(anonymous_90)","decl":{"start":{"line":832,"column":4},"end":{"line":832,"column":5}},"loc":{"start":{"line":832,"column":38},"end":{"line":834,"column":5}},"line":832},"91":{"name":"(anonymous_91)","decl":{"start":{"line":845,"column":4},"end":{"line":845,"column":5}},"loc":{"start":{"line":845,"column":34},"end":{"line":847,"column":5}},"line":845},"92":{"name":"(anonymous_92)","decl":{"start":{"line":858,"column":4},"end":{"line":858,"column":5}},"loc":{"start":{"line":858,"column":38},"end":{"line":861,"column":5}},"line":858},"93":{"name":"(anonymous_93)","decl":{"start":{"line":872,"column":4},"end":{"line":872,"column":5}},"loc":{"start":{"line":872,"column":42},"end":{"line":874,"column":5}},"line":872},"94":{"name":"(anonymous_94)","decl":{"start":{"line":887,"column":4},"end":{"line":887,"column":5}},"loc":{"start":{"line":887,"column":50},"end":{"line":892,"column":5}},"line":887},"95":{"name":"(anonymous_95)","decl":{"start":{"line":904,"column":4},"end":{"line":904,"column":5}},"loc":{"start":{"line":904,"column":43},"end":{"line":908,"column":5}},"line":904},"96":{"name":"(anonymous_96)","decl":{"start":{"line":918,"column":4},"end":{"line":918,"column":5}},"loc":{"start":{"line":918,"column":24},"end":{"line":924,"column":5}},"line":918},"97":{"name":"(anonymous_97)","decl":{"start":{"line":919,"column":27},"end":{"line":919,"column":28}},"loc":{"start":{"line":919,"column":48},"end":{"line":923,"column":9}},"line":919},"98":{"name":"(anonymous_98)","decl":{"start":{"line":921,"column":18},"end":{"line":921,"column":19}},"loc":{"start":{"line":921,"column":29},"end":{"line":921,"column":48}},"line":921},"99":{"name":"(anonymous_99)","decl":{"start":{"line":934,"column":4},"end":{"line":934,"column":5}},"loc":{"start":{"line":934,"column":40},"end":{"line":940,"column":5}},"line":934},"100":{"name":"(anonymous_100)","decl":{"start":{"line":935,"column":27},"end":{"line":935,"column":28}},"loc":{"start":{"line":935,"column":48},"end":{"line":939,"column":9}},"line":935},"101":{"name":"(anonymous_101)","decl":{"start":{"line":937,"column":18},"end":{"line":937,"column":19}},"loc":{"start":{"line":937,"column":29},"end":{"line":937,"column":48}},"line":937},"102":{"name":"(anonymous_102)","decl":{"start":{"line":950,"column":4},"end":{"line":950,"column":5}},"loc":{"start":{"line":950,"column":45},"end":{"line":956,"column":5}},"line":950},"103":{"name":"(anonymous_103)","decl":{"start":{"line":951,"column":27},"end":{"line":951,"column":28}},"loc":{"start":{"line":951,"column":48},"end":{"line":955,"column":9}},"line":951},"104":{"name":"(anonymous_104)","decl":{"start":{"line":953,"column":18},"end":{"line":953,"column":19}},"loc":{"start":{"line":953,"column":29},"end":{"line":953,"column":48}},"line":953},"105":{"name":"(anonymous_105)","decl":{"start":{"line":966,"column":4},"end":{"line":966,"column":5}},"loc":{"start":{"line":966,"column":37},"end":{"line":972,"column":5}},"line":966},"106":{"name":"(anonymous_106)","decl":{"start":{"line":967,"column":27},"end":{"line":967,"column":28}},"loc":{"start":{"line":967,"column":48},"end":{"line":971,"column":9}},"line":967},"107":{"name":"(anonymous_107)","decl":{"start":{"line":969,"column":18},"end":{"line":969,"column":19}},"loc":{"start":{"line":969,"column":29},"end":{"line":969,"column":48}},"line":969},"108":{"name":"(anonymous_108)","decl":{"start":{"line":982,"column":4},"end":{"line":982,"column":5}},"loc":{"start":{"line":982,"column":21},"end":{"line":984,"column":5}},"line":982},"109":{"name":"(anonymous_109)","decl":{"start":{"line":996,"column":4},"end":{"line":996,"column":5}},"loc":{"start":{"line":996,"column":59},"end":{"line":998,"column":5}},"line":996},"110":{"name":"(anonymous_110)","decl":{"start":{"line":1008,"column":4},"end":{"line":1008,"column":5}},"loc":{"start":{"line":1008,"column":25},"end":{"line":1010,"column":5}},"line":1008},"111":{"name":"(anonymous_111)","decl":{"start":{"line":1022,"column":4},"end":{"line":1022,"column":5}},"loc":{"start":{"line":1022,"column":42},"end":{"line":1024,"column":5}},"line":1022},"112":{"name":"(anonymous_112)","decl":{"start":{"line":1036,"column":4},"end":{"line":1036,"column":5}},"loc":{"start":{"line":1036,"column":31},"end":{"line":1038,"column":5}},"line":1036},"113":{"name":"(anonymous_113)","decl":{"start":{"line":1049,"column":4},"end":{"line":1049,"column":5}},"loc":{"start":{"line":1049,"column":26},"end":{"line":1051,"column":5}},"line":1049},"114":{"name":"(anonymous_114)","decl":{"start":{"line":1062,"column":4},"end":{"line":1062,"column":5}},"loc":{"start":{"line":1062,"column":44},"end":{"line":1064,"column":5}},"line":1062},"115":{"name":"(anonymous_115)","decl":{"start":{"line":1079,"column":4},"end":{"line":1079,"column":5}},"loc":{"start":{"line":1079,"column":78},"end":{"line":1086,"column":5}},"line":1079},"116":{"name":"(anonymous_116)","decl":{"start":{"line":1098,"column":4},"end":{"line":1098,"column":5}},"loc":{"start":{"line":1098,"column":49},"end":{"line":1102,"column":5}},"line":1098},"117":{"name":"(anonymous_117)","decl":{"start":{"line":1114,"column":4},"end":{"line":1114,"column":5}},"loc":{"start":{"line":1114,"column":33},"end":{"line":1116,"column":5}},"line":1114},"118":{"name":"(anonymous_118)","decl":{"start":{"line":1126,"column":4},"end":{"line":1126,"column":5}},"loc":{"start":{"line":1126,"column":23},"end":{"line":1128,"column":5}},"line":1126},"119":{"name":"(anonymous_119)","decl":{"start":{"line":1140,"column":4},"end":{"line":1140,"column":5}},"loc":{"start":{"line":1140,"column":32},"end":{"line":1142,"column":5}},"line":1140},"120":{"name":"(anonymous_120)","decl":{"start":{"line":1156,"column":4},"end":{"line":1156,"column":5}},"loc":{"start":{"line":1156,"column":36},"end":{"line":1158,"column":5}},"line":1156},"121":{"name":"(anonymous_121)","decl":{"start":{"line":1171,"column":4},"end":{"line":1171,"column":5}},"loc":{"start":{"line":1171,"column":45},"end":{"line":1173,"column":5}},"line":1171},"122":{"name":"(anonymous_122)","decl":{"start":{"line":1183,"column":4},"end":{"line":1183,"column":5}},"loc":{"start":{"line":1183,"column":29},"end":{"line":1189,"column":5}},"line":1183},"123":{"name":"(anonymous_123)","decl":{"start":{"line":1184,"column":27},"end":{"line":1184,"column":28}},"loc":{"start":{"line":1184,"column":48},"end":{"line":1188,"column":9}},"line":1184},"124":{"name":"(anonymous_124)","decl":{"start":{"line":1186,"column":18},"end":{"line":1186,"column":19}},"loc":{"start":{"line":1186,"column":28},"end":{"line":1186,"column":46}},"line":1186},"125":{"name":"(anonymous_125)","decl":{"start":{"line":1199,"column":4},"end":{"line":1199,"column":5}},"loc":{"start":{"line":1199,"column":31},"end":{"line":1205,"column":5}},"line":1199},"126":{"name":"(anonymous_126)","decl":{"start":{"line":1200,"column":27},"end":{"line":1200,"column":28}},"loc":{"start":{"line":1200,"column":48},"end":{"line":1204,"column":9}},"line":1200},"127":{"name":"(anonymous_127)","decl":{"start":{"line":1202,"column":18},"end":{"line":1202,"column":19}},"loc":{"start":{"line":1202,"column":28},"end":{"line":1202,"column":46}},"line":1202},"128":{"name":"(anonymous_128)","decl":{"start":{"line":1215,"column":4},"end":{"line":1215,"column":5}},"loc":{"start":{"line":1215,"column":30},"end":{"line":1221,"column":5}},"line":1215},"129":{"name":"(anonymous_129)","decl":{"start":{"line":1216,"column":27},"end":{"line":1216,"column":28}},"loc":{"start":{"line":1216,"column":48},"end":{"line":1220,"column":9}},"line":1216},"130":{"name":"(anonymous_130)","decl":{"start":{"line":1218,"column":18},"end":{"line":1218,"column":19}},"loc":{"start":{"line":1218,"column":28},"end":{"line":1218,"column":46}},"line":1218},"131":{"name":"(anonymous_131)","decl":{"start":{"line":1231,"column":4},"end":{"line":1231,"column":5}},"loc":{"start":{"line":1231,"column":32},"end":{"line":1237,"column":5}},"line":1231},"132":{"name":"(anonymous_132)","decl":{"start":{"line":1232,"column":27},"end":{"line":1232,"column":28}},"loc":{"start":{"line":1232,"column":48},"end":{"line":1236,"column":9}},"line":1232},"133":{"name":"(anonymous_133)","decl":{"start":{"line":1234,"column":18},"end":{"line":1234,"column":19}},"loc":{"start":{"line":1234,"column":28},"end":{"line":1234,"column":46}},"line":1234},"134":{"name":"(anonymous_134)","decl":{"start":{"line":1249,"column":4},"end":{"line":1249,"column":5}},"loc":{"start":{"line":1249,"column":45},"end":{"line":1251,"column":5}},"line":1249},"135":{"name":"(anonymous_135)","decl":{"start":{"line":1262,"column":4},"end":{"line":1262,"column":5}},"loc":{"start":{"line":1262,"column":40},"end":{"line":1264,"column":5}},"line":1262},"136":{"name":"(anonymous_136)","decl":{"start":{"line":1277,"column":4},"end":{"line":1277,"column":5}},"loc":{"start":{"line":1277,"column":63},"end":{"line":1281,"column":5}},"line":1277},"137":{"name":"(anonymous_137)","decl":{"start":{"line":1292,"column":4},"end":{"line":1292,"column":5}},"loc":{"start":{"line":1292,"column":35},"end":{"line":1294,"column":5}},"line":1292},"138":{"name":"(anonymous_138)","decl":{"start":{"line":1305,"column":4},"end":{"line":1305,"column":5}},"loc":{"start":{"line":1305,"column":48},"end":{"line":1307,"column":5}},"line":1305},"139":{"name":"(anonymous_139)","decl":{"start":{"line":1322,"column":4},"end":{"line":1322,"column":5}},"loc":{"start":{"line":1322,"column":82},"end":{"line":1329,"column":5}},"line":1322},"140":{"name":"(anonymous_140)","decl":{"start":{"line":1341,"column":4},"end":{"line":1341,"column":5}},"loc":{"start":{"line":1341,"column":53},"end":{"line":1345,"column":5}},"line":1341},"141":{"name":"(anonymous_141)","decl":{"start":{"line":1356,"column":4},"end":{"line":1356,"column":5}},"loc":{"start":{"line":1356,"column":38},"end":{"line":1360,"column":5}},"line":1356},"142":{"name":"(anonymous_142)","decl":{"start":{"line":1372,"column":4},"end":{"line":1372,"column":5}},"loc":{"start":{"line":1372,"column":47},"end":{"line":1377,"column":5}},"line":1372},"143":{"name":"(anonymous_143)","decl":{"start":{"line":1386,"column":4},"end":{"line":1386,"column":5}},"loc":{"start":{"line":1386,"column":21},"end":{"line":13
[...]
"line":10,"column":21},"end":{"line":10,"column":38}},"2":{"start":{"line":27,"column":4},"end":{"line":27,"column":11}},"3":{"start":{"line":28,"column":4},"end":{"line":28,"column":28}},"4":{"start":{"line":29,"column":4},"end":{"line":39,"column":8}},"5":{"start":{"line":49,"column":4},"end":{"line":54,"column":6}},"6":{"start":{"line":50,"column":6},"end":{"line":50,"column":45}},"7":{"start":{"line":50,"column":15},"end":{"line":50,"column":45}},"8":{"start":{"line":51,"column":6},"end":{"line":51,"column":27}},"9":{"start":{"line":52,"column":6},"end":{"line":52,"column":63}},"10":{"start":{"line":52,"column":39},"end":{"line":52,"column":62}},"11":{"start":{"line":53,"column":6},"end":{"line":53,"column":26}},"12":{"start":{"line":63,"column":4},"end":{"line":63,"column":36}},"13":{"start":{"line":74,"column":4},"end":{"line":74,"column":27}},"14":{"start":{"line":84,"column":4},"end":{"line":84,"column":23}},"15":{"start":{"line":85,"column":16},"end":{"line":85,"column":38}},"16":{"start":{"line":86,"column":4},"end":{"line":86,"column":28}},"17":{"start":{"line":87,"column":4},"end":{"line":87,"column":50}},"18":{"start":{"line":87,"column":26},"end":{"line":87,"column":49}},"19":{"start":{"line":98,"column":4},"end":{"line":98,"column":32}},"20":{"start":{"line":108,"column":4},"end":{"line":108,"column":30}},"21":{"start":{"line":113,"column":0},"end":{"line":113,"column":20}}},"fnMap":{"0":{"name":"(anonymous_0)","decl":{"start":{"line":26,"column":2},"end":{"line":26,"column":3}},"loc":{"start":{"line":26,"column":22},"end":{"line":40,"column":3}},"line":26},"1":{"name":"(anonymous_1)","decl":{"start":{"line":48,"column":2},"end":{"line":48,"column":3}},"loc":{"start":{"line":48,"column":17},"end":{"line":55,"column":3}},"line":48},"2":{"name":"(anonymous_2)","decl":{"start":{"line":49,"column":27},"end":{"line":49,"column":28}},"loc":{"start":{"line":49,"column":44},"end":{"line":54,"column":5}},"line":49},"3":{"name":"(anonymous_3)","decl":{"start":{"line":52,"column":30},"end":{"line":52,"column":31}},"loc":{"start":{"line":52,"column":39},"end":{"line":52,"column":62}},"line":52},"4":{"name":"(anonymous_4)","decl":{"start":{"line":62,"column":2},"end":{"line":62,"column":3}},"loc":{"start":{"line":62,"column":17},"end":{"line":64,"column":3}},"line":62},"5":{"name":"(anonymous_5)","decl":{"start":{"line":73,"column":2},"end":{"line":73,"column":3}},"loc":{"start":{"line":73,"column":17},"end":{"line":75,"column":3}},"line":73},"6":{"name":"(anonymous_6)","decl":{"start":{"line":83,"column":2},"end":{"line":83,"column":3}},"loc":{"start":{"line":83,"column":21},"end":{"line":88,"column":3}},"line":83},"7":{"name":"(anonymous_7)","decl":{"start":{"line":87,"column":18},"end":{"line":87,"column":19}},"loc":{"start":{"line":87,"column":26},"end":{"line":87,"column":49}},"line":87},"8":{"name":"(anonymous_8)","decl":{"start":{"line":97,"column":2},"end":{"line":97,"column":3}},"loc":{"start":{"line":97,"column":12},"end":{"line":99,"column":3}},"line":97},"9":{"name":"(anonymous_9)","decl":{"start":{"line":107,"column":2},"end":{"line":107,"column":3}},"loc":{"start":{"line":107,"column":18},"end":{"line":109,"column":3}},"line":107}},"branchMap":{"0":{"loc":{"start":{"line":50,"column":6},"end":{"line":50,"column":45}},"type":"if","locations":[{"start":{"line":50,"column":6},"end":{"line":50,"column":45}},{"start":{"line":50,"column":6},"end":{"line":50,"column":45}}],"line":50}},"s":{"0":1,"1":1,"2":0,"3":0,"4":0,"5":0,"6":0,"7":0,"8":0,"9":0,"10":0,"11":0,"12":0,"13":0,"14":0,"15":0,"16":0,"17":0,"18":0,"19":0,"20":0,"21":1},"f":{"0":0,"1":0,"2":0,"3":0,"4":0,"5":0,"6":0,"7":0,"8":0,"9":0},"b":{"0":[0,0]},"_coverageSchema":"d34fc3e6b8297bcde183f5492bcb8fcb36775295","hash":"dac80b58d9f546bdcdd498bd7df861838c2b8e7b","contentHash":"22c3bcb4a824a6d0d4b8e44eb076ad7a"},"/home/teamspeak/TS3-NodeJS-Library/property/Channel.js":{"path":"/home/teamspeak/TS3-NodeJS-Library/property/Channel.js","statementMap":{"0":{"start":{"line":9,"column":17},"end":{"line":9,"column":47}},"1":{"start":{"line":25,"column":8},"end":{"line":25,"column":24}},"2":{"start":{"line":26,"column":8},"end":{"line":28,"column":9}},"3":{"start":{"line":39,"column":8},"end":{"line":39,"column":62}},"4":{"start":{"line":52,"column":8},"end":{"line":52,"column":75}},"5":{"start":{"line":64,"column":8},"end":{"line":64,"column":71}},"6":{"start":{"line":76,"column":8},"end":{"line":76,"column":74}},"7":{"start":{"line":88,"column":8},"end":{"line":88,"column":75}},"8":{"start":{"line":102,"column":8},"end":{"line":102,"column":83}},"9":{"start":{"line":115,"column":8},"end":{"line":115,"column":76}},"10":{"start":{"line":127,"column":8},"end":{"line":127,"column":37}},"11":{"start":{"line":128,"column":8},"end":{"line":128,"column":51}},"12":{"start":{"line":140,"column":8},"end":{"line":140,"column":84}},"13":{"start":{"line":140,"column":47},"end":{"line":140,"column":83}},"14":{"start":{"line":152,"column":8},"end":{"line":152,"column":65}},"15":{"start":{"line":157,"column":0},"end":{"line":157,"column":33}}},"fnMap":{"0":{"name":"(anonymous_0)","decl":{"start":{"line":24,"column":4},"end":{"line":24,"column":5}},"loc":{"start":{"line":24,"column":27},"end":{"line":29,"column":5}},"line":24},"1":{"name":"(anonymous_1)","decl":{"start":{"line":38,"column":4},"end":{"line":38,"column":5}},"loc":{"start":{"line":38,"column":14},"end":{"line":40,"column":5}},"line":38},"2":{"name":"(anonymous_2)","decl":{"start":{"line":51,"column":4},"end":{"line":51,"column":5}},"loc":{"start":{"line":51,"column":26},"end":{"line":53,"column":5}},"line":51},"3":{"name":"(anonymous_3)","decl":{"start":{"line":63,"column":4},"end":{"line":63,"column":5}},"loc":{"start":{"line":63,"column":19},"end":{"line":65,"column":5}},"line":63},"4":{"name":"(anonymous_4)","decl":{"start":{"line":75,"column":4},"end":{"line":75,"column":5}},"loc":{"start":{"line":75,"column":21},"end":{"line":77,"column":5}},"line":75},"5":{"name":"(anonymous_5)","decl":{"start":{"line":87,"column":4},"end":{"line":87,"column":5}},"loc":{"start":{"line":87,"column":30},"end":{"line":89,"column":5}},"line":87},"6":{"name":"(anonymous_6)","decl":{"start":{"line":101,"column":4},"end":{"line":101,"column":5}},"loc":{"start":{"line":101,"column":38},"end":{"line":103,"column":5}},"line":101},"7":{"name":"(anonymous_7)","decl":{"start":{"line":114,"column":4},"end":{"line":114,"column":5}},"loc":{"start":{"line":114,"column":31},"end":{"line":116,"column":5}},"line":114},"8":{"name":"(anonymous_8)","decl":{"start":{"line":126,"column":4},"end":{"line":126,"column":5}},"loc":{"start":{"line":126,"column":28},"end":{"line":129,"column":5}},"line":126},"9":{"name":"(anonymous_9)","decl":{"start":{"line":139,"column":4},"end":{"line":139,"column":5}},"loc":{"start":{"line":139,"column":14},"end":{"line":141,"column":5}},"line":139},"10":{"name":"(anonymous_10)","decl":{"start":{"line":140,"column":39},"end":{"line":140,"column":40}},"loc":{"start":{"line":140,"column":47},"end":{"line":140,"column":83}},"line":140},"11":{"name":"(anonymous_11)","decl":{"start":{"line":151,"column":4},"end":{"line":151,"column":5}},"loc":{"start":{"line":151,"column":18},"end":{"line":153,"column":5}},"line":151}},"branchMap":{"0":{"loc":{"start":{"line":51,"column":15},"end":{"line":51,"column":24}},"type":"default-arg","locations":[{"start":{"line":51,"column":23},"end":{"line":51,"column":24}}],"line":51},"1":{"loc":{"start":{"line":63,"column":8},"end":{"line":63,"column":17}},"type":"default-arg","locations":[{"start":{"line":63,"column":16},"end":{"line":63,"column":17}}],"line":63},"2":{"loc":{"start":{"line":87,"column":13},"end":{"line":87,"column":28}},"type":"default-arg","locations":[{"start":{"line":87,"column":23},"end":{"line":87,"column":28}}],"line":87},"3":{"loc":{"start":{"line":101,"column":25},"end":{"line":101,"column":36}},"type":"default-arg","locations":[{"start":{"line":101,"column":31},"end":{"line":101,"column":36}}],"line":101},"4":{"loc":{"start":{"line":114,"column":18},"end":{"line":114,"column":29}},"type":"default-arg","locations":[{"start":{"line":114,"column":24},"end":{"line":114,"column":29}}],"line":114},"5":{"loc":{"start":{"line":126,"column":15},"end":{"line":126,"column":26}},"type":"default-arg","locations":[{"start":{"line":126,"column":24},"end":{"line":126,"column":26}}],"line":126}},"s":{"0":1,"1":6,"2":6,"3":0,"4":0,"5":0,"6":0,"7":0,"8":0,"9":0,"10":0,"11":0,"12":0,"13":0,"14":0,"15":1},"f":{"0":6,"1":0,"2":0,"3":0,"4":0,"5":0,"6":0,"7":0,"8":0,"9":0,"10":0,"11":0},"b":{"0":[0],"1":[0],"2":[0],"3":[0],"4":[0],"5":[0]},"_coverageSchema":"d34fc3e6b8297bcde183f5492bcb8fcb36775295","hash":"f0878d43e716d715357b1e7851792289b66bf1b5","contentHash":"1cc00e291a7bd380721a6c7dd0545859"},"/home/teamspeak/TS3-NodeJS-Library/property/Server.js":{"path":"/home/teamspeak/TS3-NodeJS-Library/property/Server.js","statementMap":{"0":{"start":{"line":9,"column":17},"end":{"line":9,"column":47}},"1":{"start":{"line":25,"column":8},"end":{"line":25,"column":24}},"2":{"start":{"line":26,"column":8},"end":{"line":28,"column":9}},"3":{"start":{"line":38,"column":8},"end":{"line":38,"column":59}},"4":{"start":{"line":49,"column":6},"end":{"line":49,"column":28}},"5":{"start":{"line":60,"column":8},"end":{"line":60,"column":63}},"6":{"start":{"line":71,"column":8},"end":{"line":71,"column":62}},"7":{"start":{"line":83,"column":8},"end":{"line":83,"column":66}},"8":{"start":{"line":90,"column":0},"end":{"line":90,"column":32}}},"fnMap":{"0":{"name":"(anonymous_0)","decl":{"start":{"line":24,"column":4},"end":{"line":24,"column":5}},"loc":{"start":{"line":24,"column":27},"end":{"line":29,"column":5}},"line":24},"1":{"name":"(anonymous_1)","decl":{"start":{"line":37,"column":4},"end":{"line":37,"column":5}},"loc":{"start":{"line":37,"column":10},"end":{"line":39,"column":5}},"line":37},"2":{"name":"(anonymous_2)","decl":{"start":{"line":48,"column":4},"end":{"line":48,"column":5}},"loc":{"start":{"line":48,"column":14},"end":{"line":50,"column":5}},"line":48},"3":{"name":"(anonymous_3)","decl":{"start":{"line":59,"column":4},"end":{"line":59,"column":5}},"loc":{"start":{"line":59,"column":10},"end":{"line":61,"column":5}},"line":59},"4":{"name":"(anonymous_4)","decl":{"start":{"line":70,"column":4},"end":{"line":70,"column":5}},"loc":{"start":{"line":70,"column":12},"end":{"line":72,"column":5}},"line":70},"5":{"name":"(anonymous_5)","decl":{"start":{"line":82,"column":4},"end":{"line":82,"column":5}},"loc":{"start":{"line":82,"column":14},"end":{"line":84,"column":5}},"line":82}},"branchMap":{},"s":{"0":1,"1":0,"2":0,"3":0,"4":0,"5":0,"6":0,"7":0,"8":1},"f":{"0":0,"1":0,"2":0,"3":0,"4":0,"5":0},"b":{},"_coverageSchema":"d34fc3e6b8297bcde183f5492bcb8fcb36775295","hash":"8f17f7666fd78623b998dd6e8af8725345d6333a","contentHash":"e268f57874f7d517ea85e7b52afdc577"},"/home/teamspeak/TS3-NodeJS-Library/property/ServerGroup.js":{"path":"/home/teamspeak/TS3-NodeJS-Library/property/ServerGroup.js","statementMap":{"0":{"start":{"line":9,"column":17},"end":{"line":9,"column":47}},"1":{"start":{"line":25,"column":8},"end":{"line":25,"column":24}},"2":{"start":{"line":26,"column":8},"end":{"line":28,"column":9}},"3":{"start":{"line":38,"column":8},"end":{"line":38,"column":32}},"4":{"start":{"line":50,"column":8},"end":{"line":50,"column":73}},"5":{"start":{"line":64,"column":8},"end":{"line":64,"column":86}},"6":{"start":{"line":76,"column":8},"end":{"line":76,"column":75}},"7":{"start":{"line":88,"column":8},"end":{"line":88,"column":80}},"8":{"start":{"line":104,"column":8},"end":{"line":104,"column":106}},"9":{"start":{"line":117,"column":8},"end":{"line":117,"column":85}},"10":{"start":{"line":129,"column":8},"end":{"line":129,"column":80}},"11":{"start":{"line":141,"column":8},"end":{"line":141,"column":80}},"12":{"start":{"line":152,"column":8},"end":{"line":152,"column":73}},"13":{"start":{"line":164,"column":8},"end":{"line":164,"column":84}},"14":{"start":{"line":164,"column":47},"end":{"line":164,"column":83}},"15":{"start":{"line":176,"column":8},"end":{"line":176,"column":65}},"16":{"start":{"line":182,"column":0},"end":{"line":182,"column":37}}},"fnMap":{"0":{"name":"(anonymous_0)","decl":{"start":{"line":24,"column":4},"end":{"line":24,"column":5}},"loc":{"start":{"line":24,"column":27},"end":{"line":29,"column":5}},"line":24},"1":{"name":"(anonymous_1)","decl":{"start":{"line":37,"column":4},"end":{"line":37,"column":5}},"loc":{"start":{"line":37,"column":14},"end":{"line":39,"column":5}},"line":37},"2":{"name":"(anonymous_2)","decl":{"start":{"line":49,"column":4},"end":{"line":49,"column":5}},"loc":{"start":{"line":49,"column":19},"end":{"line":51,"column":5}},"line":49},"3":{"name":"(anonymous_3)","decl":{"start":{"line":63,"column":4},"end":{"line":63,"column":5}},"loc":{"start":{"line":63,"column":28},"end":{"line":65,"column":5}},"line":63},"4":{"name":"(anonymous_4)","decl":{"start":{"line":75,"column":4},"end":{"line":75,"column":5}},"loc":{"start":{"line":75,"column":17},"end":{"line":77,"column":5}},"line":75},"5":{"name":"(anonymous_5)","decl":{"start":{"line":87,"column":4},"end":{"line":87,"column":5}},"loc":{"start":{"line":87,"column":22},"end":{"line":89,"column":5}},"line":87},"6":{"name":"(anonymous_6)","decl":{"start":{"line":103,"column":4},"end":{"line":103,"column":5}},"loc":{"start":{"line":103,"column":48},"end":{"line":105,"column":5}},"line":103},"7":{"name":"(anonymous_7)","decl":{"start":{"line":116,"column":4},"end":{"line":116,"column":5}},"loc":{"start":{"line":116,"column":27},"end":{"line":118,"column":5}},"line":116},"8":{"name":"(anonymous_8)","decl":{"start":{"line":128,"column":4},"end":{"line":128,"column":5}},"loc":{"start":{"line":128,"column":22},"end":{"line":130,"column":5}},"line":128},"9":{"name":"(anonymous_9)","decl":{"start":{"line":140,"column":4},"end":{"line":140,"column":5}},"loc":{"start":{"line":140,"column":22},"end":{"line":142,"column":5}},"line":140},"10":{"name":"(anonymous_10)","decl":{"start":{"line":151,"column":4},"end":{"line":151,"column":5}},"loc":{"start":{"line":151,"column":17},"end":{"line":153,"column":5}},"line":151},"11":{"name":"(anonymous_11)","decl":{"start":{"line":163,"column":4},"end":{"line":163,"column":5}},"loc":{"start":{"line":163,"column":14},"end":{"line":165,"column":5}},"line":163},"12":{"name":"(anonymous_12)","decl":{"start":{"line":164,"column":39},"end":{"line":164,"column":40}},"loc":{"start":{"line":164,"column":47},"end":{"line":164,"column":83}},"line":164},"13":{"name":"(anonymous_13)","decl":{"start":{"line":175,"column":4},"end":{"line":175,"column":5}},"loc":{"start":{"line":175,"column":18},"end":{"line":177,"column":5}},"line":175}},"branchMap":{"0":{"loc":{"start":{"line":49,"column":8},"end":{"line":49,"column":17}},"type":"default-arg","locations":[{"start":{"line":49,"column":16},"end":{"line":49,"column":17}}],"line":49}},"s":{"0":1,"1":16,"2":16,"3":0,"4":0,"5":0,"6":0,"7":0,"8":0,"9":0,"10":0,"11":0,"12":0,"13":0,"14":0,"15":0,"16":1},"f":{"0":16,"1":0,"2":0,"3":0,"4":0,"5":0,"6":0,"7":0,"8":0,"9":0,"10":0,"11":0,"12":0,"13":0},"b":{"0":[0]},"_coverageSchema":"d34fc3e6b8297bcde183f5492bcb8fcb36775295","hash":"40bcb1842ddcda1d3d76a2cbde91b4688bdbbd6d","contentHash":"b3ca6a58575ccdd8eca05deb356f9c80"},"/home/teamspeak/TS3-NodeJS-Library/property/ChannelGroup.js":{"path":"/home/teamspeak/TS3-NodeJS-Library/property/ChannelGroup.js","statementMap":{"0":{"start":{"line":9,"column":17},"end":{"line":9,"column":47}},"1":{"start":{"line":25,"column":8},"end":{"line":25,"column":24}},"2":{"start":{"line":26,"column":8},"end":{"line":28,"column":9}},"3":{"start":{"line":40,"column":8},"end":{"line":40,"column":77}},"4":{"start":{"line":54,"column":8},"end":{"line":54,"column":87}},"5":{"start":{"line":66,"column":8},"end":{"line":66,"column":76}},"6":{"start":{"line":78,"column":8},"end":{"line":78,"column":81}},"7":{"start":{"line":94,"column":8},"end":{"line":94,"column":107}},"8":{"start":{"line":107,"column":8},"end":{"line":107,"column":86}},"9":{"start":{"line":120,"column":8},"end":{"line":120,"column":86}},"10":{"start":{"line":132,"column":8},"end":{"line":132,"column":87}},"11":{"start":{"line":144,"column":8},"end":{"line":144,"column":84}},"12":{"start":{"line":144,"column":47},"end":{"line":144,"column":83}},"13":{"start":{"line":156,"column":8},"end":{"line":156,"column":65}},"14":{"start":{"line":162,"column":0},"end":{"line":162,"column":38}}},"fnMap":{"0":{"name":"(anonymous_0)","decl":{"start":{"line":24,"column":4},"end":{"line":24,"column":5}},"loc":{"start":{"line":24,"column":27},"end":{"line":29,"column":5}},"line":24},"1":{"name":"(anonymous_1)","decl":{"start":{"line":39,"column":4},"end":{"line":39,"column":5}},"loc":{"start":{"line":39,"column":15},"end":{"line":41,"column":5}},"line":39},"2":{"name":"(anonymous_2)","decl":{"start":{"line":53,"column":4},"end":{"line":53,"column":5}},"loc":{"start":{"line":53,"column":28},"end":{"line":55,"column":5}},"line":53},"3":{"name":"(anonymous_3)","decl":{"start":{"line":65,"column":4},"end":{"line":65,"column":5}},"loc":{"start":{"line":65,"column":17},"end":{"line":67,"column":5}},"line":65},"4":{"name":"(anonymous_4)","decl":{"start":{"line":77,"column":4},"end":{"line":77,"column":5}},"loc":{"start":{"line":77,"column":30},"end":{"line":79,"column":5}},"line":77},"5":{"name":"(anonymous_5)","decl":{"start":{"line":93,"column":4},"end":{"line":93,"column":5}},"loc":{"start":{"line":93,"column":64},"end":{"line":95,"column":5}},"line":93},"6":{"name":"(anonymous_6)","decl":{"start":{"line":106,"column":4},"end":{"line":106,"column":5}},"loc":{"start":{"line":106,"column":35},"end":{"line":108,"column":5}},"line":106},"7":{"name":"(anonymous_7)","decl":{"start":{"line":119,"column":4},"end":{"line":119,"column":5}},"loc":{"start":{"line":119,"column":27},"end":{"line":121,"column":5}},"line":119},"8":{"name":"(anonymous_8)","decl":{"start":{"line":131,"column":4},"end":{"line":131,"column":5}},"loc":{"start":{"line":131,"column":20},"end":{"line":133,"column":5}},"line":131},"9":{"name":"(anonymous_9)","decl":{"start":{"line":143,"column":4},"end":{"line":143,"column":5}},"loc":{"start":{"line":143,"column":14},"end":{"line":145,"column":5}},"line":143},"10":{"name":"(anonymous_10)","decl":{"start":{"line":144,"column":39},"end":{"line":144,"column":40}},"loc":{"start":{"line":144,"column":47},"end":{"line":144,"column":83}},"line":144},"11":{"name":"(anonymous_11)","decl":{"start":{"line":155,"column":4},"end":{"line":155,"column":5}},"loc":{"start":{"line":155,"column":18},"end":{"line":157,"column":5}},"line":155}},"branchMap":{"0":{"loc":{"start":{"line":77,"column":13},"end":{"line":77,"column":28}},"type":"default-arg","locations":[{"start":{"line":77,"column":23},"end":{"line":77,"column":28}}],"line":77},"1":{"loc":{"start":{"line":93,"column":25},"end":{"line":93,"column":40}},"type":"default-arg","locations":[{"start":{"line":93,"column":35},"end":{"line":93,"column":40}}],"line":93},"2":{"loc":{"start":{"line":93,"column":42},"end":{"line":93,"column":50}},"type":"default-arg","locations":[{"start":{"line":93,"column":49},"end":{"line":93,"column":50}}],"line":93},"3":{"loc":{"start":{"line":93,"column":52},"end":{"line":93,"column":62}},"type":"default-arg","locations":[{"start":{"line":93,"column":61},"end":{"line":93,"column":62}}],"line":93},"4":{"loc":{"start":{"line":106,"column":18},"end":{"line":106,"column":33}},"type":"default-arg","locations":[{"start":{"line":106,"column":28},"end":{"line":106,"column":33}}],"line":106}},"s":{"0":1,"1":8,"2":8,"3":0,"4":0,"5":0,"6":0,"7":0,"8":0,"9":0,"10":0,"11":0,"12":0,"13":0,"14":1},"f":{"0":8,"1":0,"2":0,"3":0,"4":0,"5":0,"6":0,"7":0,"8":0,"9":0,"10":0,"11":0},"b":{"0":[0],"1":[0],"2":[0],"3":[0],"4":[0]},"_coverageSchema":"d34fc3e6b8297bcde183f5492bcb8fcb36775295","hash":"abc2560f6a091e83eff210dc14a7d8bea7d7a210","contentHash":"286f12dba2f51a2afa33a98630fb5b65"}}